<?xml version="1.0" encoding="UTF-8"?>
<robot generator="Robot 6.1.1 (Python 3.12.0 on win32)" generated="20231229 09:59:49.333" rpa="false" schemaversion="4">
<suite id="s1" name="Calender Android.CreateTaskTest" source="C:\Users\SPURGE\PycharmProjects\Calendar_Mobile_App_Test\Test\Calender_Android.CreateTaskTest.robot">
<test id="s1-t1" name="Open Calender and Create Reminder" line="14">
<kw name="Opening Calender Application" library="InvokeCalenderPlatformVariables">
<kw name="Open Application" library="AppiumLibrary">
<arg>http://Localhost:4723/wd/hub</arg>
<arg>platformName=${platformName}</arg>
<arg>deviceName=${deviceName}</arg>
<arg>appPackage=${apppackage}</arg>
<arg>appActivity=${appActivity}</arg>
<arg>automationname=${automationname}</arg>
<doc>Opens a new application to given Appium server.
Capabilities of appium server, Android and iOS,
Please check https://github.com/appium/appium/blob/master/docs/en/writing-running-appium/server-args.md
| *Option*            | *Man.* | *Description*     |
| remote_url          | Yes    | Appium server url |
| alias               | no     | alias             |
| strict_ssl          | No     | allows you to send commands to an invalid certificate host like a self-signed one. |</doc>
<status status="PASS" starttime="20231229 09:59:49.586" endtime="20231229 10:00:01.249"/>
</kw>
<status status="PASS" starttime="20231229 09:59:49.585" endtime="20231229 10:00:01.249"/>
</kw>
<kw name="Skip initial setup" library="CalenderLaunchPage">
<kw name="Click Next Button" library="CalenderLaunchPage">
<kw name="Wait Until Element Is Visible" library="AppiumLibrary">
<arg>${next-button}</arg>
<doc>Waits until element specified with `locator` is visible.</doc>
<msg timestamp="20231229 10:00:03.215" level="INFO">xpath criteria: //*[@class='android.widget.ImageButton']
xpath criteria: //*[@class='android.widget.ImageButton']</msg>
<status status="PASS" starttime="20231229 10:00:01.251" endtime="20231229 10:00:03.216"/>
</kw>
<kw name="Click Element" library="AppiumLibrary">
<arg>${next-button}</arg>
<doc>Click element identified by `locator`.</doc>
<msg timestamp="20231229 10:00:03.218" level="INFO">Clicking element '//*[@class='android.widget.ImageButton']'.</msg>
<msg timestamp="20231229 10:00:03.336" level="INFO">xpath criteria: //*[@class='android.widget.ImageButton']</msg>
<status status="PASS" starttime="20231229 10:00:03.217" endtime="20231229 10:00:03.336"/>
</kw>
<status status="PASS" starttime="20231229 10:00:01.249" endtime="20231229 10:00:03.337"/>
</kw>
<kw name="Click Got It Button" library="CalenderLaunchPage">
<kw name="Wait Until Element Is Visible" library="AppiumLibrary">
<arg>${button-GotIt}</arg>
<doc>Waits until element specified with `locator` is visible.</doc>
<msg timestamp="20231229 10:00:04.423" level="INFO">xpath criteria: //*[@text='Got it']</msg>
<status status="PASS" starttime="20231229 10:00:03.337" endtime="20231229 10:00:04.423"/>
</kw>
<kw name="Click Element" library="AppiumLibrary">
<arg>${button-GotIt}</arg>
<doc>Click element identified by `locator`.</doc>
<msg timestamp="20231229 10:00:04.431" level="INFO">Clicking element '//*[@text='Got it']'.</msg>
<msg timestamp="20231229 10:00:04.618" level="INFO">xpath criteria: //*[@text='Got it']</msg>
<status status="PASS" starttime="20231229 10:00:04.424" endtime="20231229 10:00:04.619"/>
</kw>
<status status="PASS" starttime="20231229 10:00:03.337" endtime="20231229 10:00:04.619"/>
</kw>
<status status="PASS" starttime="20231229 10:00:01.249" endtime="20231229 10:00:04.619"/>
</kw>
<kw name="Go To Create New Task Page" library="CalenderHomePage">
<kw name="Click New Event Button" library="CalenderHomePage">
<kw name="Wait Until Element Is Visible" library="AppiumLibrary">
<arg>${create-new-event}</arg>
<doc>Waits until element specified with `locator` is visible.</doc>
<msg timestamp="20231229 10:00:08.161" level="INFO">xpath criteria: //android.widget.ImageButton[@resource-id='com.google.android.calendar:id/floating_action_button']
xpath criteria: //android.widget.ImageButton[@resource-id='com.google.android.calendar:id/floating_action_button']
xpath criteria: //android.widget.ImageButton[@resource-id='com.google.android.calendar:id/floating_action_button']</msg>
<status status="PASS" starttime="20231229 10:00:04.620" endtime="20231229 10:00:08.161"/>
</kw>
<kw name="Click Element" library="AppiumLibrary">
<arg>${create-new-event}</arg>
<doc>Click element identified by `locator`.</doc>
<msg timestamp="20231229 10:00:08.171" level="INFO">Clicking element '//android.widget.ImageButton[@resource-id='com.google.android.calendar:id/floating_action_button']'.</msg>
<msg timestamp="20231229 10:00:09.222" level="INFO">xpath criteria: //android.widget.ImageButton[@resource-id='com.google.android.calendar:id/floating_action_button']</msg>
<status status="PASS" starttime="20231229 10:00:08.162" endtime="20231229 10:00:09.225"/>
</kw>
<status status="PASS" starttime="20231229 10:00:04.620" endtime="20231229 10:00:09.225"/>
</kw>
<kw name="Click New Task Button" library="CalenderHomePage">
<kw name="Wait Until Element Is Visible" library="AppiumLibrary">
<arg>${new-Task}</arg>
<doc>Waits until element specified with `locator` is visible.</doc>
<msg timestamp="20231229 10:00:10.275" level="INFO">xpath criteria: //android.widget.TextView[@content-desc="Task button"]</msg>
<status status="PASS" starttime="20231229 10:00:09.225" endtime="20231229 10:00:10.275"/>
</kw>
<kw name="Click Element" library="AppiumLibrary">
<arg>${new-Task}</arg>
<doc>Click element identified by `locator`.</doc>
<msg timestamp="20231229 10:00:10.280" level="INFO">Clicking element '//android.widget.TextView[@content-desc="Task button"]'.</msg>
<msg timestamp="20231229 10:00:11.152" level="INFO">xpath criteria: //android.widget.TextView[@content-desc="Task button"]</msg>
<status status="PASS" starttime="20231229 10:00:10.276" endtime="20231229 10:00:11.152"/>
</kw>
<status status="PASS" starttime="20231229 10:00:09.225" endtime="20231229 10:00:11.152"/>
</kw>
<status status="PASS" starttime="20231229 10:00:04.619" endtime="20231229 10:00:11.152"/>
</kw>
<kw name="Create new Task" library="CalenderCreateTaskpage">
<arg>${Task-Title}</arg>
<arg>${Task-Description}</arg>
<kw name="Add Task Title" library="CalenderCreateTaskpage">
<arg>${Task-Title}</arg>
<kw name="Wait Until Element Is Visible" library="AppiumLibrary">
<arg>${TaskText}</arg>
<doc>Waits until element specified with `locator` is visible.</doc>
<msg timestamp="20231229 10:00:12.422" level="INFO">criteria is com.google.android.calendar:id/title</msg>
<status status="PASS" starttime="20231229 10:00:11.152" endtime="20231229 10:00:12.422"/>
</kw>
<kw name="Input Text" library="AppiumLibrary">
<arg>${TaskText}</arg>
<arg>${Task-Title}</arg>
<doc>Types the given `text` into text field identified by `locator`.</doc>
<msg timestamp="20231229 10:00:12.440" level="INFO">Typing text 'MobileTesting Task' into text field 'id=com.google.android.calendar:id/title'</msg>
<msg timestamp="20231229 10:00:14.152" level="INFO">criteria is com.google.android.calendar:id/title</msg>
<status status="PASS" starttime="20231229 10:00:12.422" endtime="20231229 10:00:14.153"/>
</kw>
<status status="PASS" starttime="20231229 10:00:11.152" endtime="20231229 10:00:14.153"/>
</kw>
<kw name="Add Task Description" library="CalenderCreateTaskpage">
<arg>${Task-Description}</arg>
<kw name="Wait Until Element Is Visible" library="AppiumLibrary">
<arg>${Description}</arg>
<doc>Waits until element specified with `locator` is visible.</doc>
<msg timestamp="20231229 10:00:14.882" level="INFO">criteria is com.google.android.calendar:id/description</msg>
<status status="PASS" starttime="20231229 10:00:14.155" endtime="20231229 10:00:14.882"/>
</kw>
<kw name="Input Text" library="AppiumLibrary">
<arg>${Description}</arg>
<arg>${Task-Description}</arg>
<doc>Types the given `text` into text field identified by `locator`.</doc>
<msg timestamp="20231229 10:00:14.888" level="INFO">Typing text 'This is my first Task' into text field 'id=com.google.android.calendar:id/description'</msg>
<msg timestamp="20231229 10:00:15.035" level="INFO">criteria is com.google.android.calendar:id/description</msg>
<status status="PASS" starttime="20231229 10:00:14.882" endtime="20231229 10:00:15.036"/>
</kw>
<status status="PASS" starttime="20231229 10:00:14.154" endtime="20231229 10:00:15.037"/>
</kw>
<kw name="Select date and time" library="CalenderCreateTaskpage">
<kw name="Wait Until Element Is Visible" library="AppiumLibrary">
<arg>${Date}</arg>
<doc>Waits until element specified with `locator` is visible.</doc>
<msg timestamp="20231229 10:00:16.160" level="INFO">xpath criteria: //android.widget.TextView[@resource-id="com.google.android.calendar:id/first_line_text"]</msg>
<status status="PASS" starttime="20231229 10:00:15.039" endtime="20231229 10:00:16.160"/>
</kw>
<kw name="Click Element" library="AppiumLibrary">
<arg>${Date}</arg>
<doc>Click element identified by `locator`.</doc>
<msg timestamp="20231229 10:00:16.175" level="INFO">Clicking element 'xpath=//android.widget.TextView[@resource-id="com.google.android.calendar:id/first_line_text"]'.</msg>
<msg timestamp="20231229 10:00:16.369" level="INFO">xpath criteria: //android.widget.TextView[@resource-id="com.google.android.calendar:id/first_line_text"]</msg>
<status status="PASS" starttime="20231229 10:00:16.160" endtime="20231229 10:00:16.369"/>
</kw>
<kw name="Wait Until Element Is Visible" library="AppiumLibrary">
<arg>${SwitchToTextInput}</arg>
<doc>Waits until element specified with `locator` is visible.</doc>
<msg timestamp="20231229 10:00:29.229" level="INFO">xpath criteria: //android.widget.ImageButton[@content-desc="Switch to text input mode"]
xpath criteria: //android.widget.ImageButton[@content-desc="Switch to text input mode"]
xpath criteria: //android.widget.ImageButton[@content-desc="Switch to text input mode"]
xpath criteria: //android.widget.ImageButton[@content-desc="Switch to text input mode"]
xpath criteria: //android.widget.ImageButton[@content-desc="Switch to text input mode"]
xpath criteria: //android.widget.ImageButton[@content-desc="Switch to text input mode"]
xpath criteria: //android.widget.ImageButton[@content-desc="Switch to text input mode"]
xpath criteria: //android.widget.ImageButton[@content-desc="Switch to text input mode"]
xpath criteria: //android.widget.ImageButton[@content-desc="Switch to text input mode"]
xpath criteria: //android.widget.ImageButton[@content-desc="Switch to text input mode"]
xpath criteria: //android.widget.ImageButton[@content-desc="Switch to text input mode"]
xpath criteria: //android.widget.ImageButton[@content-desc="Switch to text input mode"]
xpath criteria: //android.widget.ImageButton[@content-desc="Switch to text input mode"]
xpath criteria: //android.widget.ImageButton[@content-desc="Switch to text input mode"]
xpath criteria: //android.widget.ImageButton[@content-desc="Switch to text input mode"]
xpath criteria: //android.widget.ImageButton[@content-desc="Switch to text input mode"]
xpath criteria: //android.widget.ImageButton[@content-desc="Switch to text input mode"]
xpath criteria: //android.widget.ImageButton[@content-desc="Switch to text input mode"]
xpath criteria: //android.widget.ImageButton[@content-desc="Switch to text input mode"]
xpath criteria: //android.widget.ImageButton[@content-desc="Switch to text input mode"]
xpath criteria: //android.widget.ImageButton[@content-desc="Switch to text input mode"]
xpath criteria: //android.widget.ImageButton[@content-desc="Switch to text input mode"]
xpath criteria: //android.widget.ImageButton[@content-desc="Switch to text input mode"]
xpath criteria: //android.widget.ImageButton[@content-desc="Switch to text input mode"]</msg>
<status status="PASS" starttime="20231229 10:00:16.369" endtime="20231229 10:00:29.229"/>
</kw>
<kw name="Click Element" library="AppiumLibrary">
<arg>${SwitchToTextInput}</arg>
<doc>Click element identified by `locator`.</doc>
<msg timestamp="20231229 10:00:29.231" level="INFO">Clicking element 'xpath=//android.widget.ImageButton[@content-desc="Switch to text input mode"]'.</msg>
<msg timestamp="20231229 10:00:29.529" level="INFO">xpath criteria: //android.widget.ImageButton[@content-desc="Switch to text input mode"]</msg>
<status status="PASS" starttime="20231229 10:00:29.229" endtime="20231229 10:00:29.529"/>
</kw>
<kw name="Wait Until Element Is Visible" library="AppiumLibrary">
<arg>${DateInput}</arg>
<doc>Waits until element specified with `locator` is visible.</doc>
<msg timestamp="20231229 10:00:31.124" level="INFO">xpath criteria: //android.widget.EditText[@text]</msg>
<status status="PASS" starttime="20231229 10:00:29.531" endtime="20231229 10:00:31.124"/>
</kw>
<kw name="Input Text" library="AppiumLibrary">
<arg>${DateInput}</arg>
<arg>01/24/2024</arg>
<doc>Types the given `text` into text field identified by `locator`.</doc>
<msg timestamp="20231229 10:00:31.131" level="INFO">Typing text '01/24/2024' into text field 'xpath=//android.widget.EditText[@text]'</msg>
<msg timestamp="20231229 10:00:31.948" level="INFO">xpath criteria: //android.widget.EditText[@text]</msg>
<status status="PASS" starttime="20231229 10:00:31.126" endtime="20231229 10:00:31.948"/>
</kw>
<kw name="Click Element" library="AppiumLibrary">
<arg>${OkButton}</arg>
<doc>Click element identified by `locator`.</doc>
<msg timestamp="20231229 10:00:31.953" level="INFO">Clicking element 'id=com.google.android.calendar:id/confirm_button'.</msg>
<msg timestamp="20231229 10:00:32.723" level="INFO">criteria is com.google.android.calendar:id/confirm_button</msg>
<status status="PASS" starttime="20231229 10:00:31.949" endtime="20231229 10:00:32.724"/>
</kw>
<kw name="Wait Until Element Is Visible" library="AppiumLibrary">
<arg>${Time}</arg>
<doc>Waits until element specified with `locator` is visible.</doc>
<msg timestamp="20231229 10:01:04.624" level="INFO">&lt;?xml version='1.0' encoding='UTF-8' standalone='yes' ?&gt;
&lt;hierarchy index="0" class="hierarchy" rotation="0" width="1080" height="2200"&gt;
  &lt;android.widget.FrameLayout index="0" package="com.google.android.calendar" class="android.widget.FrameLayout" text="" checkable="false" checked="false" clickable="false" enabled="true" focusable="false" focused="false" long-clickable="false" password="false" scrollable="false" selected="false" bounds="[0,0][1080,2200]" displayed="true"&gt;
    &lt;android.widget.LinearLayout index="0" package="com.google.android.calendar" class="android.widget.LinearLayout" text="" checkable="false" checked="false" clickable="false" enabled="true" focusable="false" focused="false" long-clickable="false" password="false" scrollable="false" selected="false" bounds="[0,0][1080,2200]" displayed="true"&gt;
      &lt;android.widget.FrameLayout index="0" package="com.google.android.calendar" class="android.widget.FrameLayout" text="" checkable="false" checked="false" clickable="false" enabled="true" focusable="false" focused="false" long-clickable="false" password="false" scrollable="false" selected="false" bounds="[0,0][1080,2200]" displayed="true"&gt;
        &lt;android.widget.LinearLayout index="0" package="com.google.android.calendar" class="android.widget.LinearLayout" text="" resource-id="com.google.android.calendar:id/action_bar_root" checkable="false" checked="false" clickable="false" enabled="true" focusable="false" focused="false" long-clickable="false" password="false" scrollable="false" selected="false" bounds="[0,0][1080,2200]" displayed="true"&gt;
          &lt;android.widget.FrameLayout index="0" package="com.google.android.calendar" class="android.widget.FrameLayout" text="" resource-id="android:id/content" checkable="false" checked="false" clickable="false" enabled="true" focusable="false" focused="false" long-clickable="false" password="false" scrollable="false" selected="false" bounds="[0,0][1080,2200]" displayed="true"&gt;
            &lt;androidx.drawerlayout.widget.DrawerLayout index="0" package="com.google.android.calendar" class="androidx.drawerlayout.widget.DrawerLayout" text="" resource-id="com.google.android.calendar:id/drawer_layout" checkable="false" checked="false" clickable="false" enabled="true" focusable="false" focused="false" long-clickable="false" password="false" scrollable="false" selected="false" bounds="[0,0][1080,2200]" displayed="true"&gt;
              &lt;android.widget.FrameLayout index="0" package="com.google.android.calendar" class="android.widget.FrameLayout" text="" checkable="false" checked="false" clickable="false" enabled="true" focusable="false" focused="false" long-clickable="false" password="false" scrollable="false" selected="false" bounds="[0,0][1080,2200]" displayed="true"&gt;
                &lt;android.widget.FrameLayout index="0" package="com.google.android.calendar" class="android.widget.FrameLayout" text="" resource-id="com.google.android.calendar:id/bottom_sheet_frame" checkable="false" checked="false" clickable="false" enabled="true" focusable="false" focused="false" long-clickable="false" password="false" scrollable="false" selected="false" bounds="[0,0][1080,2200]" displayed="true" /&gt;
                &lt;android.widget.LinearLayout index="1" package="com.google.android.calendar" class="android.widget.LinearLayout" text="" checkable="false" checked="false" clickable="false" enabled="true" focusable="false" focused="false" long-clickable="false" password="false" scrollable="false" selected="false" bounds="[0,0][1080,2200]" displayed="true"&gt;
                  &lt;android.widget.FrameLayout index="0" package="com.google.android.calendar" class="android.widget.FrameLayout" text="" resource-id="com.google.android.calendar:id/header" checkable="false" checked="false" clickable="false" enabled="true" focusable="false" focused="false" long-clickable="false" password="false" scrollable="false" selected="false" bounds="[0,0][1080,264]" displayed="true"&gt;
                    &lt;android.view.ViewGroup index="0" package="com.google.android.calendar" class="android.view.ViewGroup" text="" resource-id="com.google.android.calendar:id/toolbar" checkable="false" checked="false" clickable="false" enabled="true" focusable="false" focused="false" long-clickable="false" password="false" scrollable="false" selected="false" bounds="[0,88][1080,264]" displayed="true"&gt;
                      &lt;android.widget.ImageButton index="0" package="com.google.android.calendar" class="android.widget.ImageButton" text="" content-desc="Back" checkable="false" checked="false" clickable="true" enabled="true" focusable="true" focused="false" long-clickable="false" password="false" scrollable="false" selected="false" bounds="[11,99][165,253]" displayed="true" /&gt;
                      &lt;android.widget.ImageView index="1" package="com.google.android.calendar" class="android.widget.ImageView" text="" checkable="false" checked="false" clickable="false" enabled="true" focusable="false" focused="false" long-clickable="false" password="false" scrollable="false" selected="false" bounds="[165,175][166,176]" displayed="true" /&gt;
                      &lt;android.widget.LinearLayout index="2" package="com.google.android.calendar" class="android.widget.LinearLayout" text="" resource-id="com.google.android.calendar:id/custom_action_bar" checkable="false" checked="false" clickable="false" enabled="true" focusable="false" focused="false" long-clickable="false" password="false" scrollable="false" selected="false" bounds="[166,99][650,253]" displayed="true"&gt;
                        &lt;android.widget.LinearLayout index="0" package="com.google.android.calendar" class="android.widget.LinearLayout" text="" content-desc="Jan 2024" resource-id="com.google.android.calendar:id/date_picker_button" checkable="false" checked="false" clickable="true" enabled="true" focusable="true" focused="false" long-clickable="false" password="false" scrollable="false" selected="false" bounds="[166,99][650,253]" displayed="true"&gt;
                          &lt;android.widget.FrameLayout index="0" package="com.google.android.calendar" class="android.widget.FrameLayout" text="" checkable="false" checked="false" clickable="false" enabled="true" focusable="false" focused="false" long-clickable="false" password="false" scrollable="false" selected="false" bounds="[177,99][460,253]" displayed="true"&gt;
                            &lt;android.widget.LinearLayout index="0" package="com.google.android.calendar" class="android.widget.LinearLayout" text="" resource-id="com.google.android.calendar:id/date_picker_content" checkable="false" checked="false" clickable="false" enabled="true" focusable="false" focused="false" long-clickable="false" password="false" scrollable="false" selected="false" bounds="[177,99][460,253]" displayed="true"&gt;
                              &lt;android.widget.LinearLayout index="0" package="com.google.android.calendar" class="android.widget.LinearLayout" text="" checkable="false" checked="false" clickable="false" enabled="true" focusable="false" focused="false" long-clickable="false" password="false" scrollable="false" selected="false" bounds="[177,99][460,253]" displayed="true"&gt;
                                &lt;android.widget.LinearLayout index="0" package="com.google.android.calendar" class="android.widget.LinearLayout" text="" checkable="false" checked="false" clickable="false" enabled="true" focusable="false" focused="false" long-clickable="false" password="false" scrollable="false" selected="false" bounds="[177,99][460,253]" displayed="true"&gt;
                                  &lt;android.widget.TextView index="0" package="com.google.android.calendar" class="android.widget.TextView" text="Jan 2024" resource-id="com.google.android.calendar:id/date_picker_text_view" checkable="false" checked="false" clickable="false" enabled="true" focusable="false" focused="false" long-clickable="false" password="false" scrollable="false" selected="false" bounds="[177,99][405,253]" displayed="true" /&gt;
                                  &lt;android.widget.ImageView index="1" package="com.google.android.calendar" class="android.widget.ImageView" text="" resource-id="com.google.android.calendar:id/date_picker_arrow" checkable="false" checked="false" clickable="false" enabled="true" focusable="false" focused="false" long-clickable="false" password="false" scrollable="false" selected="false" bounds="[405,148][460,203]" displayed="true" /&gt;
                                &lt;/android.widget.LinearLayout&gt;
                              &lt;/android.widget.LinearLayout&gt;
                            &lt;/android.widget.LinearLayout&gt;
                          &lt;/android.widget.FrameLayout&gt;
                        &lt;/android.widget.LinearLayout&gt;
                      &lt;/android.widget.LinearLayout&gt;
                      &lt;android.support.v7.widget.LinearLayoutCompat index="3" package="com.google.android.calendar" class="android.support.v7.widget.LinearLayoutCompat" text="" checkable="false" checked="false" clickable="false" enabled="true" focusable="false" focused="false" long-clickable="false" password="false" scrollable="false" selected="false" bounds="[661,99][1080,253]" displayed="true"&gt;
                        &lt;android.widget.Button index="0" package="com.google.android.calendar" class="android.widget.Button" text="" content-desc="Search" resource-id="com.google.android.calendar:id/action_search" checkable="false" checked="false" clickable="true" enabled="true" focusable="true" focused="false" long-clickable="false" password="false" scrollable="false" selected="false" bounds="[661,110][793,242]" displayed="true" /&gt;
                        &lt;android.widget.Button index="1" package="com.google.android.calendar" class="android.widget.Button" text="" content-desc="Jump to Today" resource-id="com.google.android.calendar:id/action_today" checkable="false" checked="false" clickable="true" enabled="true" focusable="true" focused="false" long-clickable="false" password="false" scrollable="false" selected="false" bounds="[793,110][925,242]" displayed="true" /&gt;
                        &lt;android.widget.FrameLayout index="2" package="com.google.android.calendar" class="android.widget.FrameLayout" text="" content-desc="Signed in as Jayesh Patle jpatle519@gmail.com&amp;#10;Account and settings." resource-id="com.google.android.calendar:id/selected_account_disc" checkable="false" checked="false" clickable="true" enabled="true" focusable="true" focused="false" long-clickable="false" password="false" scrollable="false" selected="false" bounds="[925,109][1080,242]" displayed="true"&gt;
                          &lt;android.widget.FrameLayout index="0" package="com.google.android.calendar" class="android.widget.FrameLayout" text="" resource-id="com.google.android.calendar:id/og_selected_account_disc_apd" checkable="false" checked="false" clickable="false" enabled="true" focusable="false" focused="false" long-clickable="false" password="false" scrollable="false" selected="false" bounds="[925,109][1058,242]" displayed="true"&gt;
                            &lt;android.widget.ImageView index="1" package="com.google.android.calendar" class="android.widget.ImageView" text="" resource-id="com.google.android.calendar:id/og_apd_internal_image_view" checkable="false" checked="false" clickable="false" enabled="true" focusable="false" focused="false" long-clickable="false" password="false" scrollable="false" selected="false" bounds="[931,115][1052,236]" displayed="true" /&gt;
                          &lt;/android.widget.FrameLayout&gt;
                        &lt;/android.widget.FrameLayout&gt;
                      &lt;/android.support.v7.widget.LinearLayoutCompat&gt;
                    &lt;/android.view.ViewGroup&gt;
                  &lt;/android.widget.FrameLayout&gt;
                  &lt;android.widget.FrameLayout index="2" package="com.google.android.calendar" class="android.widget.FrameLayout" text="" resource-id="com.google.android.calendar:id/main_pane" checkable="false" checked="false" clickable="false" enabled="true" focusable="false" focused="false" long-clickable="false" password="false" scrollable="false" selected="false" bounds="[0,264][1080,2200]" displayed="true"&gt;
                    &lt;android.widget.FrameLayout index="0" package="com.google.android.calendar" class="android.widget.FrameLayout" text="" resource-id="com.google.android.calendar:id/alternate_timeline_holder" checkable="false" checked="false" clickable="false" enabled="true" focusable="false" focused="false" long-clickable="false" password="false" scrollable="false" selected="false" bounds="[0,264][1080,2200]" displayed="true"&gt;
                      &lt;android.widget.FrameLayout index="0" package="com.google.android.calendar" class="android.widget.FrameLayout" text="" checkable="false" checked="false" clickable="false" enabled="true" focusable="false" focused="false" long-clickable="false" password="false" scrollable="false" selected="false" bounds="[0,264][1080,2200]" displayed="true"&gt;
                        &lt;android.view.View index="0" package="com.google.android.calendar" class="android.view.View" text="" resource-id="com.google.android.calendar:id/drag_up_view" checkable="false" checked="false" clickable="false" enabled="true" focusable="false" focused="false" long-clickable="false" password="false" scrollable="false" selected="false" bounds="[0,264][1080,2200]" displayed="true" /&gt;
                      &lt;/android.widget.FrameLayout&gt;
                      &lt;android.widget.FrameLayout index="1" package="com.google.android.calendar" class="android.widget.FrameLayout" text="" resource-id="com.google.android.calendar:id/alternate_timeline_fragment_container" checkable="false" checked="false" clickable="false" enabled="true" focusable="false" focused="false" long-clickable="false" password="false" scrollable="false" selected="false" bounds="[0,264][1080,2200]" displayed="true"&gt;
                        &lt;android.support.v7.widget.RecyclerView index="0" package="com.google.android.calendar" class="android.support.v7.widget.RecyclerView" text="" checkable="false" checked="false" clickable="false" enabled="true" focusable="false" focused="false" long-clickable="false" password="false" scrollable="false" selected="false" bounds="[0,264][1080,2200]" displayed="true"&gt;
                          &lt;android.view.View index="0" package="com.google.android.calendar" class="android.view.View" text="" content-desc="Wednesday 24 January 2024" checkable="false" checked="false" clickable="false" enabled="true" focusable="true" focused="false" long-clickable="false" password="false" scrollable="false" selected="false" bounds="[0,264][176,413]" displayed="true" /&gt;
                          &lt;android.view.View index="1" package="com.google.android.calendar" class="android.view.View" text="" content-desc="New task: MobileTesting Task, January 24, 2024" checkable="false" checked="false" clickable="false" enabled="true" focusable="true" focused="false" long-clickable="false" password="false" scrollable="false" selected="false" bounds="[143,264][1069,394]" displayed="true" /&gt;
                          &lt;android.view.View index="2" package="com.google.android.calendar" class="android.view.View" text="" content-desc="" checkable="false" checked="false" clickable="false" enabled="true" focusable="false" focused="false" long-clickable="false" password="false" scrollable="false" selected="false" bounds="[0,430][1080,2200]" displayed="true" /&gt;
                        &lt;/android.support.v7.widget.RecyclerView&gt;
                      &lt;/android.widget.FrameLayout&gt;
                    &lt;/android.widget.FrameLayout&gt;
                  &lt;/android.widget.FrameLayout&gt;
                &lt;/android.widget.LinearLayout&gt;
                &lt;android.view.ViewGroup index="2" package="com.google.android.calendar" class="android.view.ViewGroup" text="" resource-id="com.google.android.calendar:id/coordinator_layout" checkable="false" checked="false" clickable="false" enabled="true" focusable="false" focused="false" long-clickable="false" password="false" scrollable="false" selected="false" bounds="[0,0][1080,2200]" displayed="true"&gt;
                  &lt;android.widget.FrameLayout index="0" package="com.google.android.calendar" class="android.widget.FrameLayout" text="" checkable="false" checked="false" clickable="true" enabled="true" focusable="true" focused="false" long-clickable="false" password="false" scrollable="false" selected="false" bounds="[0,88][1080,2200]" displayed="true"&gt;
                    &lt;android.widget.LinearLayout index="0" package="com.google.android.calendar" class="android.widget.LinearLayout" text="" resource-id="com.google.android.calendar:id/editor_sheet" checkable="false" checked="false" clickable="true" enabled="true" focusable="true" focused="false" long-clickable="false" password="false" scrollable="false" selected="false" bounds="[0,88][1080,2200]" displayed="true"&gt;
                      &lt;android.widget.FrameLayout index="0" package="com.google.android.calendar" class="android.widget.FrameLayout" text="" checkable="false" checked="false" clickable="false" enabled="true" focusable="true" focused="false" long-clickable="false" password="false" scrollable="false" selected="false" bounds="[0,88][1080,2200]" displayed="true"&gt;
                        &lt;android.widget.RelativeLayout index="0" package="com.google.android.calendar" class="android.widget.RelativeLayout" text="" resource-id="com.google.android.calendar:id/header" checkable="false" checked="false" clickable="false" enabled="true" focusable="false" focused="false" long-clickable="false" password="false" scrollable="false" selected="false" bounds="[0,88][1080,264]" displayed="true"&gt;
                          &lt;android.widget.Button index="0" package="com.google.android.calendar" class="android.widget.Button" text="" content-desc="Cancel" resource-id="com.google.android.calendar:id/close" checkable="false" checked="false" clickable="true" enabled="true" focusable="true" focused="false" long-clickable="false" password="false" scrollable="false" selected="false" bounds="[11,110][165,264]" displayed="true"&gt;
                            &lt;android.widget.ImageView index="0" package="com.google.android.calendar" class="android.widget.ImageView" text="" checkable="false" checked="false" clickable="false" enabled="true" focusable="false" focused="false" long-clickable="false" password="false" scrollable="false" selected="false" bounds="[55,154][121,220]" displayed="true" /&gt;
                          &lt;/android.widget.Button&gt;
                          &lt;android.widget.Button index="1" package="com.google.android.calendar" class="android.widget.Button" text="" content-desc="Collapse task sheet" resource-id="com.google.android.calendar:id/drag_handle" checkable="false" checked="false" clickable="true" enabled="true" focusable="true" focused="false" long-clickable="false" password="false" scrollable="false" selected="false" bounds="[457,88][622,220]" displayed="true"&gt;
                            &lt;android.widget.ImageView index="0" package="com.google.android.calendar" class="android.widget.ImageView" text="" resource-id="com.google.android.calendar:id/drag_handle_image" checkable="false" checked="false" clickable="false" enabled="true" focusable="false" focused="false" long-clickable="false" password="false" scrollable="false" selected="false" bounds="[457,88][622,171]" displayed="true" /&gt;
                          &lt;/android.widget.Button&gt;
                          &lt;android.widget.Button index="2" package="com.google.android.calendar" class="android.widget.Button" text="Save" resource-id="com.google.android.calendar:id/save" checkable="false" checked="false" clickable="true" enabled="true" focusable="true" focused="false" long-clickable="false" password="false" scrollable="false" selected="false" bounds="[881,121][1036,253]" displayed="true" /&gt;
                        &lt;/android.widget.RelativeLayout&gt;
                        &lt;android.support.v7.widget.RecyclerView index="1" package="com.google.android.calendar" class="android.support.v7.widget.RecyclerView" text="" checkable="false" checked="false" clickable="false" enabled="true" focusable="true" focused="false" long-clickable="false" password="false" scrollable="false" selected="false" bounds="[0,217][1080,1698]" displayed="true"&gt;
                          &lt;android.widget.EditText index="0" package="com.google.android.calendar" class="android.widget.EditText" text="MobileTesting Task" resource-id="com.google.android.calendar:id/title" checkable="false" checked="false" clickable="true" enabled="true" focusable="true" focused="true" long-clickable="true" password="false" scrollable="false" selected="false" bounds="[176,217][1014,357]" displayed="true" /&gt;
                          &lt;android.view.View index="1" package="com.google.android.calendar" class="android.view.View" text="" checkable="false" checked="false" clickable="false" enabled="true" focusable="false" focused="false" long-clickable="false" password="false" scrollable="false" selected="false" bounds="[0,357][1080,401]" displayed="true" /&gt;
                          &lt;android.widget.Button index="2" package="com.google.android.calendar" class="android.widget.Button" text="" checkable="false" checked="false" clickable="true" enabled="true" focusable="true" focused="false" long-clickable="false" password="false" scrollable="false" selected="false" bounds="[0,401][1080,597]" displayed="true"&gt;
                            &lt;android.widget.LinearLayout index="0" package="com.google.android.calendar" class="android.widget.LinearLayout" text="" resource-id="com.google.android.calendar:id/text_view_container" checkable="false" checked="false" clickable="false" enabled="true" focusable="false" focused="false" long-clickable="false" password="false" scrollable="false" selected="false" bounds="[0,401][1080,597]" displayed="true"&gt;
                              &lt;android.widget.TextView index="0" package="com.google.android.calendar" class="android.widget.TextView" text="Tasks" resource-id="com.google.android.calendar:id/first_line_text" checkable="false" checked="false" clickable="false" enabled="true" focusable="false" focused="false" long-clickable="false" password="false" scrollable="false" selected="false" bounds="[176,439][646,495]" displayed="true" /&gt;
                              &lt;android.widget.TextView index="1" package="com.google.android.calendar" class="android.widget.TextView" text="jpatle519@gmail.com" resource-id="com.google.android.calendar:id/second_line_text" checkable="false" checked="false" clickable="false" enabled="true" focusable="false" focused="false" long-clickable="false" password="false" scrollable="false" selected="false" bounds="[176,509][646,558]" displayed="true" /&gt;
                            &lt;/android.widget.LinearLayout&gt;
                            &lt;android.widget.ImageView index="1" package="com.google.android.calendar" class="android.widget.ImageView" text="" resource-id="com.google.android.calendar:id/tile_icon" checkable="false" checked="false" clickable="false" enabled="true" focusable="false" focused="false" long-clickable="false" password="false" scrollable="false" selected="false" bounds="[55,461][121,527]" displayed="true" /&gt;
                          &lt;/android.widget.Button&gt;
                          &lt;android.view.View index="3" package="com.google.android.calendar" class="android.view.View" text="" checkable="false" checked="false" clickable="false" enabled="true" focusable="false" focused="false" long-clickable="false" password="false" scrollable="false" selected="false" bounds="[0,597][1080,641]" displayed="true" /&gt;
                          &lt;android.widget.LinearLayout index="4" package="com.google.android.calendar" class="android.widget.LinearLayout" text="" checkable="false" checked="false" clickable="false" enabled="true" focusable="false" focused="false" long-clickable="false" password="false" scrollable="false" selected="false" bounds="[0,641][1080,773]" displayed="true"&gt;
                            &lt;android.widget.ImageView index="0" package="com.google.android.calendar" class="android.widget.ImageView" text="" resource-id="com.google.android.calendar:id/icon" checkable="false" checked="false" clickable="false" enabled="true" focusable="false" focused="false" long-clickable="false" password="false" scrollable="false" selected="false" bounds="[55,641][121,773]" displayed="true" /&gt;
                            &lt;android.widget.EditText index="1" package="com.google.android.calendar" class="android.widget.EditText" text="This is my first Task" resource-id="com.google.android.calendar:id/description" checkable="false" checked="false" clickable="true" enabled="true" focusable="true" focused="false" long-clickable="true" password="false" scrollable="false" selected="false" bounds="[176,641][1047,773]" displayed="true" /&gt;
                          &lt;/android.widget.LinearLayout&gt;
                          &lt;android.view.View index="5" package="com.google.android.calendar" class="android.view.View" text="" checkable="false" checked="false" clickable="false" enabled="true" focusable="false" focused="false" long-clickable="false" password="false" scrollable="false" selected="false" bounds="[0,773][1080,817]" displayed="true" /&gt;
                          &lt;android.widget.LinearLayout index="6" package="com.google.android.calendar" class="android.widget.LinearLayout" text="" checkable="false" checked="false" clickable="false" enabled="true" focusable="false" focused="false" long-clickable="false" password="false" scrollable="false" selected="false" bounds="[0,817][1080,1082]" displayed="true"&gt;
                            &lt;android.view.ViewGroup index="0" package="com.google.android.calendar" class="android.view.ViewGroup" text="" resource-id="com.google.android.calendar:id/all_day_tile" checkable="false" checked="false" clickable="true" enabled="true" focusable="true" focused="false" long-clickable="false" password="false" scrollable="false" selected="false" bounds="[0,817][1080,950]" displayed="true"&gt;
                              &lt;android.widget.LinearLayout index="0" package="com.google.android.calendar" class="android.widget.LinearLayout" text="" resource-id="com.google.android.calendar:id/text_view_container" checkable="false" checked="false" clickable="false" enabled="true" focusable="false" focused="false" long-clickable="false" password="false" scrollable="false" selected="false" bounds="[0,817][1080,950]" displayed="true"&gt;
                                &lt;android.widget.TextView index="0" package="com.google.android.calendar" class="android.widget.TextView" text="All-day" resource-id="com.google.android.calendar:id/first_line_text" checkable="false" checked="false" clickable="false" enabled="true" focusable="false" focused="false" long-clickable="false" password="false" scrollable="false" selected="false" bounds="[176,855][320,911]" displayed="true" /&gt;
                              &lt;/android.widget.LinearLayout&gt;
                              &lt;android.widget.ImageView index="1" package="com.google.android.calendar" class="android.widget.ImageView" text="" resource-id="com.google.android.calendar:id/tile_icon" checkable="false" checked="false" clickable="false" enabled="true" focusable="false" focused="false" long-clickable="false" password="false" scrollable="false" selected="false" bounds="[55,850][121,916]" displayed="true" /&gt;
                              &lt;android.widget.Switch index="2" package="com.google.android.calendar" class="android.widget.Switch" text="" checkable="true" checked="true" clickable="false" enabled="true" focusable="false" focused="false" long-clickable="false" password="false" scrollable="false" selected="false" bounds="[849,817][1080,949]" displayed="true" /&gt;
                            &lt;/android.view.ViewGroup&gt;
                            &lt;android.widget.LinearLayout index="1" package="com.google.android.calendar" class="android.widget.LinearLayout" text="" checkable="false" checked="false" clickable="false" enabled="true" focusable="false" focused="false" long-clickable="false" password="false" scrollable="false" selected="false" bounds="[0,950][1080,1082]" displayed="true"&gt;
                              &lt;android.widget.ImageView index="0" package="com.google.android.calendar" class="android.widget.ImageView" text="" resource-id="com.google.android.calendar:id/icon" checkable="false" checked="false" clickable="false" enabled="true" focusable="false" focused="false" long-clickable="false" password="false" scrollable="false" selected="false" bounds="[55,950][121,1082]" displayed="true" /&gt;
                              &lt;android.widget.LinearLayout index="1" package="com.google.android.calendar" class="android.widget.LinearLayout" text="" checkable="false" checked="false" clickable="false" enabled="true" focusable="false" focused="false" long-clickable="false" password="false" scrollable="false" selected="false" bounds="[176,950][1036,1082]" displayed="true"&gt;
                                &lt;android.widget.TextView index="0" package="com.google.android.calendar" class="android.widget.TextView" text="Wed, Jan 24, 2024" content-desc="Start date: Wed, Jan 24, 2024" checkable="false" checked="false" clickable="true" enabled="true" focusable="true" focused="false" long-clickable="false" password="false" scrollable="false" selected="false" bounds="[176,950][1036,1082]" displayed="true" /&gt;
                              &lt;/android.widget.LinearLayout&gt;
                            &lt;/android.widget.LinearLayout&gt;
                          &lt;/android.widget.LinearLayout&gt;
                          &lt;android.widget.Button index="7" package="com.google.android.calendar" class="android.widget.Button" text="" checkable="false" checked="false" clickable="true" enabled="true" focusable="true" focused="false" long-clickable="false" password="false" scrollable="false" selected="false" bounds="[0,1082][1080,1215]" displayed="true"&gt;
                            &lt;android.widget.LinearLayout index="0" package="com.google.android.calendar" class="android.widget.LinearLayout" text="" resource-id="com.google.android.calendar:id/text_view_container" checkable="false" checked="false" clickable="false" enabled="true" focusable="false" focused="false" long-clickable="false" password="false" scrollable="false" selected="false" bounds="[0,1082][1080,1215]" displayed="true"&gt;
                              &lt;android.widget.TextView index="0" package="com.google.android.calendar" class="android.widget.TextView" text="Does not repeat" resource-id="com.google.android.calendar:id/first_line_text" checkable="false" checked="false" clickable="false" enabled="true" focusable="false" focused="false" long-clickable="false" password="false" scrollable="false" selected="false" bounds="[176,1120][503,1176]" displayed="true" /&gt;
                            &lt;/android.widget.LinearLayout&gt;
                            &lt;android.widget.ImageView index="1" package="com.google.android.calendar" class="android.widget.ImageView" text="" resource-id="com.google.android.calendar:id/tile_icon" checkable="false" checked="false" clickable="false" enabled="true" focusable="false" focused="false" long-clickable="false" password="false" scrollable="false" selected="false" bounds="[55,1115][121,1181]" displayed="true" /&gt;
                          &lt;/android.widget.Button&gt;
                        &lt;/android.support.v7.widget.RecyclerView&gt;
                      &lt;/android.widget.FrameLayout&gt;
                    &lt;/android.widget.LinearLayout&gt;
                  &lt;/android.widget.FrameLayout&gt;
                &lt;/android.view.ViewGroup&gt;
              &lt;/android.widget.FrameLayout&gt;
            &lt;/androidx.drawerlayout.widget.DrawerLayout&gt;
          &lt;/android.widget.FrameLayout&gt;
        &lt;/android.widget.LinearLayout&gt;
      &lt;/android.widget.FrameLayout&gt;
    &lt;/android.widget.LinearLayout&gt;
  &lt;/android.widget.FrameLayout&gt;
&lt;/hierarchy&gt;</msg>
<kw name="Capture Page Screenshot" library="AppiumLibrary">
<doc>Takes a screenshot of the current page and embeds it into the log.</doc>
<msg timestamp="20231229 10:01:05.103" level="INFO" html="true">&lt;/td&gt;&lt;/tr&gt;&lt;tr&gt;&lt;td colspan="3"&gt;&lt;img src="data:image/png;base64, iVBORw0KGgoAAAANSUhEUgAABDgAAAlkCAYAAAD2i8XDAAAAAXNSR0IArs4c6QAAAARzQklUCAgI
CHwIZIgAACAASURBVHic7N13eFPn3T7w+0iWvPdeDC/23mC22WQQQgKZELIHIaNpmq63v4637ds2
q2l2GgIhe7GHBxCGzfIAbIMHXtiW97YlWdLvD2NhWfLWtO/PdfUqOjo655Gs2Ee3nuf7FZoUGg2I
iIiIiIiIiGyYyNIDICIiIiIiIiIaKAYcRERERERERGTzGHAQERERERERkc1jwEFERERERERENo8B
BxERERERERHZPAYcRERERERERGTzGHAQERERERERkc1jwEFERERERERENo8BBxERERERERHZPAYc
RERERERERGTzGHAQERERERERkc1jwEFERERERERENo8BBxERERERERHZPAYcRERERERERGTzGHAQ
ERERERERkc1jwEFERERERERENo8BBxERERERERHZPAYcRERERERERGTzGHAQERERERERkc1jwEFE
RERERERENo8BBxERERERERHZPAYcRERERERERGTzGHAQERERERERkc1jwEFERERERERENo8BBxER
ERERERHZPDtLD4CIiIiIiIhsz4H9e7u9PzJqFCIjo8w0GiIGHEREREQ0SF2/novsa9fQ1NwEd3cP
jBkzFv4BAZYeFtGgcWD/vm7vj7x2Dc+/8JKZRkPEgIOIyGQ0Gg0EQbD0MIiIhhyNRoN9e3/C4UMH
9e7bdN8DmBc93wKjIiIiU2PAQURkBAqFAnl515F+5TKuZmairEwGlUoFQRDg5uaGkSPDMG78BISH
R8DL29vSwyUiGtTSr1zWhhuz58zFmDFjkZaaggsXzuOL3bsQEhqK4cNHWHiUQ1tW1jWd246OjggJ
CbXQaAYHvqZEgNCk0GgsPQgiS2ttbYVMVor6+nq0NDdDqVTC0dERjk5O8PTwhKeXl018E19VWYn8
/DxUV1dDo9HAzc0Nw4ePgK+fn02M3xbV1tTg0KEDSDxzGq2trdD08CtVLBYjNHQYVq5ajfETJppp
lEREQ8vHH76P5OSLGDFiJF58+RWIRCLI5XL8v//5LWpra7FkaQzuWr/B0sMc0p575kkA0P7djIyM
4lKGATLla5qVdQ1Z1672uCSlNyIjo7B67W2szUEmwRkcNKRVVVYiLu4oki9egFwuh1qthlqtBgAI
ggCRSASxWIzAwCDMnjMX02fMhFQqtfCodWk0Gly+lIZ9e/egtLQEarVa+4dNEAQIggBfX18sjVmO
OXPnMegwErVajSOHDiI29ghaWlp07nN0dERQUDBcXV0hl8tRXl6GyspKaDQaqFQq5OVdxwfvv4uo
qFF44MGH4eHpaaFnQUQ0+KjVamRmZgAARo0eDZGorWmgvb09IqNG4fy5s8jOyrLkEOmmnr4UoL4x
5et5YN9evRki/dUeljDgIFNgwEFDUm5uDs6cPoWzSYlQqVS92j83NwcJ8bFYsHAxJk2aDDd3dzOM
tHsajQb//fhDJCdfNPhHTaPRQKPRQCaT4Yvdu3A2KRHbtr+ovdgbTCorKnDo0AEUFRZi5arVmDR5
isnO1dLSgrfe+BcKCwu0r7ubmxs2brofI0aGwdXVVe8xCoUClZUViD16BGeTErUX4H/58//DI48+
jtGjx5hsvEREQ4lcLkdzczMAwNHRSec+Nzc3AEBpaYnZx2UqGo0GDQ0NUCoUkEilBv8GWSNLhRtF
RYXIyc5GU2Ojwfvd3N0RHh6BgMBAM4/Muhkr3Gh3YP8+rF5zm1GPSQQw4DApuVyOa1cz4e8fAD9/
/14/TqPR4Pr1XORmZ6OyqhLNzc1wcnJCQEAgoqJGGf0XrqnP19/XwRRUKhUS4mJx9OhhNHbxh607
JSUl+PqrL3D+3FlsffRxi4YcGo0Gn37yES5evNDr/bOzs/DGv/6B7S++PGhCjrTUFHy+6zM0NTVp
L5Z2fPoJ/vLX/4ODg4PRzyeXy/HrX70CuVwOAJBKpXjhpV8gJCS029kx9vb2CAoKxkMPb8HGTffj
4w/fx5Url9HU1IR33n4TWx99HJOnTDX6eImIhpqOX1x0/r0sFosBtIXO1lAIuq62Fh9+8J52XIY4
OTnhwYe3wNHRUWd7Q0MDLl44j5Tki6ivrweggUgkhoeHB2bOmo1p02eYePS2qaiwEMePxaOsrKzL
fcRiMUJCQrFs+Qr+bTYgMjIKkVH6sy+yrl3TC0K8vb0xa/acLu/vi9SUZO31V39ERkbB08vL6Mdq
19raisyMdFy7dhV1tbVwdnFBWFg4xk+YCHt7+36fi/qGAYeRqdVq5OVdR2pKMpISz6ChoQFPP/Nc
rz/Yl8lk+PqrL7RTKw2Jnr8At9+xDk5OTl3u01umOt9AXwdTUCqV2L9vD44lxKO1tbXfx9FoNMjJ
ycb//uWP2PzIo4iKGmWRC6TUlGQkJ1/s8+OuX89F7JHDWL5ylQlGZR51dXU4lhCHYwnxUCgUeveb
6ufRvn5bLpdDEASMHj0Gjz3xVJ+XLUmlUjz59LM4f+4sPt/1GVpbW/HxRx/g6We3YcyYsSYZOxER
6bKGgENWJsP167nd7uPn54eW5madgKO5uRmffPQBrl27qrf/jRtFuHLlMi6lpeLhLVst/hxtkUql
Qn5+Hn74/ls0Njay604nkVFRBmdfHID+MhYvL2/tvobu74vDhw6ioCC/349/7vkXtKGEMY8FAE1N
Tdj12adIS0vV2e/4sQSMHBmGR7Y+pheIkGkw4DCSMpkMaakpSEo6g5KS/k17LJPJ8O+330BVVVW3
+538+QTKy8rw+JNPDygNNMX5jPE6mIJKpcK+vT/hWEJ8r5ak9EZ9fT2++uJzPPX0c/D18zPKMXur
tbUVP584rq0X0hcajQbnziVh8dIYSCQSE4zONDQaDXJzc3D44AFkZmZ0+9x9fHyNPkNFrVZj547/
ora2FoIgYMqUqdiy9bF+XzgKgoAZM2fB2dkZH37wHpRKJf778Yd47de/Y00OIqIB6O3vZWv44C/v
UMPJ29vbYGAuldrr/E1raWnB22++rv1w5urqiqCgYIhEIjQ0NKCsTAa5XI7z58/BwdERGzfdb/on
YqNili3HokVLtH93W1tbceNGEU6d/BkXzp9DZWUljh9LwPjxE+Du4WHh0Vq3A/v3aguQttfWMPay
loHqbqbUQI+1b+9P2nBj2rTpCAuPQHHxDZw6+TOuX8/FF7t34alnntP7vaNUKiEWiwfNzGprwIBj
AORyOZIvXsC5s0m4ejVzQMdSq9X49puvdMKGiRMnYdbsOXB0ckJ5WRlijx5GeXk5AODq1UzExx7F
qjVrLX4+Y74OppKakoyfTxw3WrjRrqysDB9/9AG2v/iySZZDdKWhvn5A64dramogk5XaROswhUKB
06dO4ucTx1BWVtarNbt+fn5G/SMGAJfSUpGamgIACA0dhs2PPGqUi+Ox48Zj46b7sWvnjrb0f+cO
PLtt+4CPS0Q0VHUMCZSdZvm1z/rzspLuaJWVldp/R0cvwOix+rP4HOwddD5cHz50QBtuhIdHYON9
98PDwxOOjo5obm7GqZM/IyE+FrW1tTiblIjZc+ZixIiRpn8yg4CdnR2GDx8BVxdXODg4ID4uFvX1
dUhKPGPTM1/NoWN3ldVrb8OBfXuNfo7pM2Zi3Pjxvd7/3NkkVFRUAAB8fX11WkMb81i1NTU4cfwY
gLZw4+EtW7WBhYODA+JijyI9/QoKCvL12lPHHjmMq1czcce6uzByZFivx0NdY8AxADJZKXbt3GGU
Y2VlXUN6+hXt7RkzZ+HBhzZr/+OIihqFiZMm4+03X0dx8Q0AQFzcUcybv0BbMMtS5zPm62AKKpUK
Rw4fMriUwRiKigqREBeLlavXmO1iqbml+eZ62/5paWlBTXW1VQccdXV1+P7br5GefgXNzc19Kkbm
4+tr1IBDLpdjz08/QKPRQCqV4tlt23WS9hPHjyEp8QxChw3r1zdlM2bOwsUL53HlymVkZ2chIyOd
S1WIiPpJIpEgJCQURUWFkJXJdO67UVQEABg2bLglhqanuvrWF00hoaEIDR3W7f719fW4mtn2ZZK9
vT2WLI1BYGCQ9n5HR0fELFuO4uIbOJuUCIVCgbNJiWYPOBLPnEZS4hntbUEQsG37i2Ydw0B4eXtj
9OgxiI+LhVwuR35+nqWHhKTEM0g8c1p725pe0wP7b4UZkZFRJuuOsmRpTK/3ramuxpHDh7S3Fy1e
qjNz2ZjHKiu/Vc9l+oyZOteIU6dNR1zsUQCArLRUJ+AoLr6BQ4cOQKVSoUwmY8BhJAw4jEQqlWLK
1GmYPHkKZKWl+PHH7/v0+NSUZJ3bq1at0Zuq5OrqihUrV+G/n3wEoO1Data1q10WkWptbYWdneEf
sSnOBwz8dTCFhPg4FBUVmvQc58+fxazZc+Dl7W3S87Rrb2nbXxqNZkCFlUypoCAfO3d8irIyWb9n
3Pj4+Bp1TNeuZkIma7tIXrZshU49moyMdHz7zVdQq9UoLS3B0qXL+rxkSSQS4YGHNuNXv3wZra2t
iD1y2KIBR1LiGSQlnkF+fh4UCgX8/PwwcdJkLFm6zGaq8xPR0DZj5iwUFRUiJfkilsYsQ0hIKDLS
ryA7u6097LjxEyw8wjYdv3yx78VM0IqKcu0MzoCAQIzqogPX+PETcDYpEcCtUMecqqoqrW55Ql/Z
OzjA19cX5eXlVtF1p6rSel7TrGvXcAC3Qo2Oszeef+ElAG3vgfb/bw9Asq6Zb/xnTp/SXkdKpVJM
nTbdZMfquNTMpdN1kqvLrdstHfZTq9X44btvoVKpMHbsOMyYOavf4yNdDDgGQCQSYcbMWZg0aTKi
Ro3Wfuipq6vr87EyM9K1/w4JCe2yGGdERKTO7ZycbL3AobysDLt27kBOTjYmTpyETfc/qPehxJjn
M+brYGwtLS04fize6McViUQ6AUN5eTkKCvLNFnAMNgqFAskXL+D7777R6YbSmaOjIzQajc4fCEN8
fI0XcKhUKu23UI6OjohZvkJ7X2trK/bv3aN9L8jlcsTHx+Lejff1+Tyurq6YPWcuEs+cRn5+HsrL
ysxe2wUAPv7wfb3itTKZDEePHEbimdN4aPMjnF1CRFZv5qzZSDxzGiUlxfjrX/4EDw8P1NTUAGib
vTGQDzvGVFdbC6BtyUx7nTO5XN5lzbOqykptKOLu7t7l8thRo8cgMjIKIpEIQcHB3X7pRYaJxWLY
25tv+bEtycoy3A2l48yNpqYmAG3LsDoGIObQ2NiIhIQ47e0FCxf1+wua3hxL3OG/rc4zxjve7ji7
+GxSIjIy0iEWi7Fu/d2swWFE/E03ACEhoXh48yMDPk5dXZ1Oq6rhI0Z0ua+7hwfc3d1Re/MPoqFU
/ujRw8jJyQYApKWlYuTIMCxbsdJk5zPW62AKRUWFvWoHKxKJ4OXlhYaGBsjl8i4/YNvb2+ORrY+h
vr4euz/fqf1gq1arkZaWavJWYmq1GiKRaMAXKYIgaKfWtT9XS6xFrqqsxIkTx3D8WAKUSmWX+0kk
EsQsW47lK1ZBJBLh1796BQ0NDQb3FQQBvkacwSGXy3H58iUAQFhYuM6URIVCgcrKCp3901JTcOe6
9f0qALxw0WIknjmNlpYWZGdnmT3g2PHpJ9125qmvr8dHH7yHX776a4u3fCYi6o6rqyuefOoZ7Nu3
B+fOJqGmpgZisRjTZ8zE7bffaTUtG9u/DLKzs0NqSjK++epLSKVS2NnZYdLkKdr2mu3alw0D6LYg
tbOzs/abdOqfpsZGFBUVwsHBAcOGd32tTLdYy3vu/Lmz2oAFAGbPnmvSY3l63PpvsSAvD6NGjdbe
Liws0P7b62YXldqaGvx0c5b76tVrdZaZ0cAx4LACTZ0+gPdUU8PLy/tW4HBDP3Do/EFR2ap729jn
s2bFN250+8EZADw9PfHQ5kcQEREJhUKB4wnxiI09ovPLDGgr5NVeAOibr7/UC0EyOtQ0Mba6ujr8
+603UFVVidGjx2DEyDCIxeJ+L+EQBAH5+XlITU3BlcuX2upKPLfdbB9ac3NzcPTwIWRkpPfYstfP
zw8PbX4Ew4ePgCAIKCkp7nZ5jaenZ6+m+fZWVVWldoxz5s7TuU8QBL1aHyqVqttv37rT3v1FrVbj
6tVMvfOZUkZGOs6dTepxP7lcjoMH91ttqElE1M7bxwcPb34EGzfdj6bGRjg6OZm1IHhP2rsnAEBt
ba3et9xXr2YiPz8P99y7yeDjrem5DDa1NTXa9r12dnbwtILuZhr0vhaZJZiq7kZfKZVKJMTHam9P
mTIVAYGBJj2Wf0AAIiIikZ2dhYMH98PVzQ0jRoxEeXkZ9vz0A4C2cCMsPAIAsG/fHtTX1yMoKBiL
lizt19ioaww4rIBCqTuVSSrRbxHWUccPTi0tLdpv9dstWRqD67k5qKioQEhIqF7SaOzzWbOGhvpu
i1OKRCIsWrxU+0vZ3t4eMctXYOz48Xj/3XdQXV0NQRAwf8FC3LluPaRSKUpKinH61Em949bX16Ol
pcUkFxy1tTUoK5OhtbUVKSnJSE1N6VPRzc7UajWOHD6kPYZYLEZRUaHJA4601BQcOXwIBQX5vaoh
MnvOXKy/+x44OjoCaJvx8dYb/+o2tPL29jFq+9v2Yq5isRj+AQE699nb2yMwMEg77dnOzg7r776n
X4V/gbZ1nb6+vpDJZGZfM5188UKv9z1/7izuf+AhTncmIptgb29vNTM2OmppadHORpTL5XB1ddV2
Qqmvr4dcLkdS4hmEhIRi7rxoAND5UqCnL3CofxobG3Hx4gXEx7V9sHV2dsbESZMtPCrr5ujoaDWz
N9JSU7TdTgAgesFCkx9LEATcu+k+/PutN1BbW6vXfEEikeC+Bx6Cvb09MjLSceb0KQDAXXdvsMrf
TbaOV6dWoPMfqJ6WCnQOF5RKpc5/HKGhw/Cb3/0BjQ0NcHVzM7i/Mc9nzbpaxtAuKCgYM2fN1tkm
EokQEhKK7S+8jNjYIwgICMTcedGQSCSoq6vDB+/9p8tZB9XVVSaZZhYcHIK1t92BH3/4DgAGFG60
63iMmbNmm3R5zcmfT+DI4YOorq7u1djt7Ozw5NPPYtSo0dr3Z0NDA9584589do/x8fXVaRE4UO0z
nsRiMRw6rcUViURYtmIlMjMztB1WJkyc1O9zCYIALy9vyGQytLS0dY4x19KhkuLiXu+r0WhQViZD
UFCwCUdERDS4SSQS+Pr6Qq1WwcnJGatWr0FI6DDU1FTjwL69uHz5EuRyOY4fS8DMWbO7DZU1Gg2+
+nI3Skv0i2EGBAbinns32cyXU+aUm5MDjUYDB3sHKFuVqK6uRmFBPkpLSwG0zXKeNn0G2+z2YM3a
2y09BABtX+C1dywB2urt9HdmSV+PFRgYhBdfegVxcUdx7mwSmpubIZFIMGnSZCyJWYZhw4ZDLpfj
+2+/AQDMi56P0V0UCaaBYcAxSNnZ2en0TB+KNBpNt0s47Ozs8ODDm7ssOuTt44MN92zUXhBoNBqc
OJ6A8vLyLo9pqm9TRCIRYpYtx4wZM/Hvt99AiYELmP5wc3PDM889j+DgEKMcr7PW1lb839/+t09L
m8LDI/Dk089qZ20Abd9yvf7Pv6OysrLHxwcE9G8aYlfaf6aCIBi8OIyMjEJYWDhycrLR1NSEXZ99
ikcff7Lf52sPZzQaDdRqtVHb3RIRkfVwcHDA408+jTKZDG4dCoa6ublhwz0bUVYmQ1lZGSoqypGX
d12v8HtHGo0GJcXF2hpsnalUKqMGHAf274WAWwF8RJTpWoOaUm5uDnJzcwze5+3tjSVLl2HhosVm
GYutvqaOjo5YtHiJ3vb/++cb2n+/+fo/zdIB5mpmBgoK8rW3Fy1e0u/3fX+O5e3jg3vu3YQN92xE
S0sL7O3tdR4TH3sUJSXFcHNzw5o1t/VrXNQzBhw0aAmCAGdnZ4P3iUQiLI1Zpv1gL5fLkZOdBTd3
dwQHh2i/Ne/4S0lWWqrTf9wQD3fThkruHh549bXfYtfOHb2ql9CdsLBwPLttu1FnO3RWW1ODkpLe
zQyQSCS4a/0GRM9foDNrQS6X4+03X9e2ae1JcIhxw5r2rkAajcbgzB1BEPD4k0/jN6/9EkqlEqmp
KThy6CCWr1zV53NpNBptUVyxWGzWb9sCg4K06417IggC/PxYZJSIyBgMLQ/19vFB1KjRKCsrg1wu
R2FBASIiInWWYHac0dF+zePj4wOg7e9Jb74U6K/O9UJWY61NfBjvzNPTEx4entrXsm1JcBlcXV0x
ddp0s4UbgO2+pr2ZvWGu9rbHEm51TnR3dx/Q0qKBHEsQBJ0v6oC2AsGHDh0AANy5bj3c3N37PTbq
HgMOGtScnJwhCILesghvb29ERy8AAFSUl+OL3buQk5MNZ2dnLFu+EvMXLNT55lylUuGL3bu0tRYM
EYvFer2vTaXVCDNFlEqlyZc/uLm7Y+zYcUhPv9JtzY2goGA88eTT8L55YdZOpVLhow/eQ35+Xq/O
J5FIjNpBBQCcboZkra2taGxqhDd89PZxdnbGL375K/z1L3+CWq3Gvn170NzSjNvvWKd9jZuamvDe
f/6N8IgILF681OAfNo1Gow2EvL19zNrZZsrUaTh96mSv9p0+YybrbxARmVjHml719W3dVjpez3Rc
hisIAh7a/Ii2JWVBfh7ee/cdM43Udk2bPgOLFi3RdqRJTUnGnp9+gEwmQ35eHurq6vpdV2so6Gr2
Rke/eGm7WcZy/Xourly5rL29cOHiftfFM+axgLblLj989y1UKhXGjh2H6TNmAmiboZx17SoqKysh
Fovh6+eHiIhIXmMNEF89KzDQb2n7OoXd3OezJB8fH4jFYp1v3sViMdasvR3uHh7Iy7uOXZ99ql1r
WVtbi++/+wYVFeVYvmIVXF1doVarkRAf1+W0z3bDh48wyzfuMlmpzi/d/iopaZvKasr1fxKJBE88
9QzKy8pw/vxZnPz5hLYlHtD2Xly+YiVWrlpj8Jf5Z59+goyM9F6fz83NDQ6dEvOBap+Vo1arkZme
jmHDhhvcLzAwCI8+9gQ++vB9qNVqHD1yGGmpKVh3190YM3YcPt+5QzsV9lhCfFurwjvW6SyRaqiv
187gGDHSvOt9x4wZixkzZ/U4M8je3h6rVq0x06iIaKhLTUlGfX09BEHAvOj5Ovfl5+ehsKCtBaOj
oyOmTZ+h3b8jR0dHuLq5ISAgsNsPq3W1tUhLS4WXlxfGjhtv/CfTSXNzM2pqqiEWiQ3O4uh4vdUe
eIff7MIAtM0s7cjBwUH7Icypixms1D1//wCEhUdAJpOhvLwMSWdOY9mKlZYellV78/V/AgAmTZ6i
F3YcS4hHc3OzWcbx84nj2n+LxWK9GnuWOhYAnE1KREZGOsRiMdatvxsikQgZ6Vewa+cObafKdiEh
odi8ZWu/O78QAw6r0LnjQ0+tP9vTeQDaXunWfD5LGjFiJCQSiU7A4enpifETJuLo4UOIj4/VfqBs
p1arcSwhHjnZ2QiPiEBDQwPSexEoTJk6zejj76y1tRU/fPetzs9kIMf67puv8fIrr5q0aKwgCPDz
98fqNbdhxcrVkMlKUVlRATs7OwQGBsHdw8PgTIWvvtyNi33o7AEArq5uRu9i4+buDi8vL1RVVSEx
se1Cx9B4BUHAhImT8NTTz+KD99+FUqmETCbD++/9B05OTjrvM6VSiaTEMxgxYqTOBXv7EhGxWIxR
Fig89fDmR9CqVCI5+aLB+11dXfHQ5kfM1k6YiOhsUiJSU1MglUp1fl9WV1Xhw/ffRU1NDaRSKba/
+LLO/l1ZsXIVVq1ea/BaJi0tFV9+8TkeeniL8Z+IAUcOH0RqSjJUKhUeefRxDB8+Quf+lpYW7b9d
XNrCcDd3d7i4uKChoQEKhQLlZWXw9fMzy3iHgoDAQIwdOw6XL6Whrq4OWVnXMH/hIrbk7UJzc7N2
+UlRUaFewLF/3x6zjKNMJsPZpETt7Tlz52ln5VjyWEDbcu2ffvweALBmzW0IDAxCUVGh9lpRIpFg
4sRJaG5uRnr6FRQVFeLDD97FCy+9AhcXl36fdyhjOWUr0LkzQ3NL90lnY+OtKYn96ctt7vNZkoen
p976xYqKCrz26i+wd+9PeuFGR4WFBTiWEI/z586iqamp2/M4OTkhIrLr4l/Gsm/vT32a0dCTkpJi
fPrJR0Y7Xk/EYjGCgoIxYeIkjBk7Dh6engbDgqTEMzhz+lSfu8UEh4QYfYaRRCLBrNlzALS9d7rr
zCMIAsaMHYf/+cOf4O3tDUC3rkZHYrEYw0fcupjVaDT45usvAbQteQkLCzfm0+i1rY89gQcf2oyo
qFGwt7eHIAjw9/fHsuUr8Npvfo8xY8ZaZFxERO2USiV2f75Tu2x0030P6M2uE4vFWLI0BkuWxmBe
9Hzt9cvhQwdx8ucTBo974fw5ADBbZwM/P3+UlZWhsrISWVev6tynUCiQd/269vaw4W3PLzAwCN7e
bUsli4oKkZaWapaxDiW+fn6IjIyCSqWCTFaqfV9Q35hz9sbp07pLbOfMnWcVxwKAffv2oL6+HsHB
IVh4MwCKj4uFUqmEWCzGtu0vYsvWx/D0s9tw/wMPAQBkMhnfdwPAgMMKdO52UtFNlw6FQqHTQSM0
dJjVn8/S7ly3Xi8BNcYMiI5Gjx4Df/8Aox6zI4VCgV07dyD26BGjH/vSpTS88a9/mO2PUG+cOX2q
y1a83TFFGzdBEDB9+kyIRCKo1Wq88/abPT7G3cMD//P//owXX34Fvr6+eqGLSCRC9PwFCAkJ1W7L
zs7SLt+ZNXuO3kwrc5o1ew62bX8R/3z9Lbz9znv47e//H+64864uOw4REZnT4UMHtGH/suUrMGPm
LL19xGIx7lq/AXet34BN9z2AX/zyNe3vYkMfHMrLypCVdQ2TJ0/Rq5GkUqlQVVmJ6qqqbutJ9dXI
kWHaMDwx8bS2Y4NarcbxhHjIZG1LUIKDQ7SzO8RiMeZFz9fOvDx18gROnzqp7filUqlQW1ODptq4
JwAAIABJREFUlE4z8YzRXn6oCAgI1C5Rqqurw+VLaRYekW0y1+yNutpanDh+THt7zJixerOhLHEs
AMjISMeZ06cAAHfdvQH29vbQaDRIuznLbPLkKRg5Mky7/6zZc7TL6K530d2HemY7aw0GMYlEgtGj
xyAzMwMAcO3aVSgUCoPdLTq32+z4Aclaz2dpfv7+WLhwMfbv32uS4wuCgNVrbjNJNxK1Wo3c3Bx8
8fnOXncR6Y/s7Cz88Q+/w70b78P4CRMtXmfF28cHOTnZfbogE4lE2m+4jM3Xzw+TJ0/BxYsXUFRU
iKrKSnjdvCjtiiAICAsLx+/+549oaWnB+XNncTUzA17e3liyJEZnumN7AVIAcHFxweIlMSZ5HkRE
tu5SWioOHWzrRDBhwsRedXAA2mo0+fsHoLj4BuRyud797YHJ5ClTtdtaWloQH3cUsUePaL8Y8fLy
wpKly7Bg4aIB190KCAzE+AkTcfxYAkpLS/HZp5/A19cPTU1NuHGjCC0tLZBKpVgas0xnSc3cedHI
zs7C2aRElJWV4btvv8bZpERIpVIoFAo0NNRra4vZ29tj7rzoPl2jZGVdQ/Y13a4Xq9asHdBzNcRQ
EXhrYGdnh8CgIO21cnHxDaSmJGPS5Cn9PuZQe03NOXsjKfGMzheXCxYusopjyeVyfP/tNwCA6PkL
MGrUaO329uVnnZeXiUQiBAeHoK4uvdvGBtQ9BhxWYsLESdrAoampCZfSUjFt+gy9/c6fO6tze9SY
rqdRtra2dlkvwxTns2az58xFRkZ6l73O+8vBwQHr7rrbJIWA5HI5/vvxh7hy5bJZ/ljV1dXhow/f
x/DhI/Dk089adN3fxk33Q6VS6b3/uiOVSuHqappK54IgQHQz9LG3t+8x3Oj8WEdHR8xfsBDzFyzU
u1+pVOKjD96DXC6HIAiIWbaCFduJiAyorKjA7s93AgACAgKw6f4He10XLD8/D8XFNwAAEydN0ru/
fVZH1M0PIQDw3bdf48zpU3BwcMDCRYtRXVWFtLRUfPvNV1CpVFgas2ygTwl3b7gXjY2NOH/uLEpL
S7XBBND292bmrNkGCxw+9PAWqNVqXEpLhVwuR3Z2lt4+AQEBmBe9oM8FErOvXdP7Umjl6jVG7+xl
DR/Eu+Lr66e9Vq6vr8fZpMQBBRxD7TU11+yN5uZmJCTEaW8HBARgzNhxFj8WAMTHHkVJSTHc3d2x
es1t2u09/czbayNa+stGW8aAw0pMmTIVP/34vTY1/O7br+Hs4qJdB6pWq3Hm9CkcP5agfUx4eITB
GRXlZWXYtXMHcnKyMXHiJGy6/0G9qeXGPJ8t8PTywhNPPYN//eNvRp0JMXdeNGbPmWu043VkZ2eH
kNBQZGZm9Gu5Rn8IgoCAwECTzEbpC4lEgoc3P4KpU6fh812fdVsrpZ2DgwOcTVQ1Xi6XI+9mAVBj
hg9KpRI7d/wX1661rb0eNmy4US6YiYgGG4VCgS9279J2SJkzN7rb38cKhQLPPv2E3vbpM2Ziacxy
nW1lMhlycrIxbdp07THr6upuTS1fvwFz50VDo9Hg4w/fR0pKMo4lxBnl97UgCNi8ZSuiokbhbFIi
amqqIZFI4OnphTlz53VbwHzzlq1IS03B2aREVFVVQS5vgUgkgru7B0KHDcPs2XPhH2Cc5bOmaFtu
LbMNDHFycsLwESMQEhKKoqJCFBYWICvrml5dt4EwZyt4czLn7I2LF87rdOdbuGhJv5shGPNYxcU3
cOhQ20yzO+68S+d3lb29PTw9PVFdXY2C/HxoNBrte6G1tVW7VK0vX6aRLgYcVsLN3R13rluPr7/6
AkDbH9Z/v/UGAgOD4Ofnh5KSYpSVlek85q67Nxj85Xj06GFtS9O0tFSMHBmm1+LKmOezFc7Ozrjv
gYfw4fvvdlsosjdcXV2xaNESLF223GQJq1gsxtrb7sCSpctQUlKMQwf2G7XAaEdBQcFYt/5uhISE
wsXFxSp+zoIgYOKkyQiPiMSXu3chJSW52wuhsLBwk/0sqqoqUVlZCQCYPds4gVZ9fT3eeftNFBUV
AmgLTrZtf9EqXnsiImvUPvMUAM6dTUL0/AX96gImb2mBY4eW4unpVwAAEydN1m6TSCSQSCRQKpW4
mpmBsLBw+AcE4NHHnxzAM+ja3HnRmDsvGk1NTdBoNL0O7CdOmoyJkyajqakJCrkcYjs7ODo62kTH
O2sNN9p5uHtg7LhxKCoqRGNjIxLiYo0acAxW5pq90draioT4WO1tR0dHTJ023eLHAgBnJ2fMnReN
qspKTJ8xU+/+mbNm4/Chg0hPv4L4uFgsXLQYKpUK8bFHtctXWNS9/6z/t98QEj1/Aaqrq3D0yGHt
tpKSYpSUFOvsJxaLsXnL1i6L3rQXmtLeblUa3M9Y57MlPt4+cHV1HVDA4e/vj3s23oeoqFFm+TDq
5OSE8PAIPPHUM3hx+3NGLXAGtAUJL7/yqsVnbXTF2dkZjzz6OHJysvHuO28bXDsNQFsQzBRysrO1
CfuCRYvR0tKCQwf34+TPJ6BQKODr64tf/uo3vXoNNRoN9u39CUePHNb+LD09PfH7P/zJJi5IiYis
QVFRIeJjj3Zbx+BPf/4rAEAkFqO8vAz//fhDnD93FvV1dXh223bt3/AL58/pted2dHTEvRvvw66d
O3DhwnlcuHAe/v7+mDxlKiZNnqLXtcVYnJyc+v24/j7WXDp+Uw1YbgbH7DlzezX71sPTE7ffsQ63
37HODKPqH2t5TduZc/bG5UtpOku6Fixc1O+ZvMY8FtBWbP7ejfdBoVAYrNWzcNESJF+8gLKyMvzw
/bfY89MP2qUpADB27DidwJX6hlfTVkQkEuGOO+9CZGQU4uNidb6pANq+TZgydRqWxixDcHBIl8dZ
sjQG13NzUFFRgZCQ0C6/cTbW+WyJIBJBEHR/0bR/qOxqGYggCHB3d4e3tw9mzJyFedHzLfItu52d
Hba/+DKSL15AXW0tqqurUVNTjerq6j79MXN3d4enpxc8PT3h5u6OUaNGW2240U4QBEREROLv/3gd
H33wHq5cuawX9HRsuWpMKpUKVy5fAtB2IfHqKy/p/BEC2tp5vfTCNri6umLJkhiMmzABTo5OEInF
0KjVN7sRFSMhPg45Odnax4tEIkyaNBkPb9nKcIOIqAcb7tmIOXPn4V//+DuKigqxf/9ejJswwWDY
IJVKdYo5u7m5Ye68aBzYvw9Xr2aisqICPr6+KC0pwfXruZg+fYZe7anZc+Zi2PDhuHD+HFJTklFa
WorDhw7i8KGDeOjhLX2ubTHUdb52svYZHLbA2l5Tc83e0Gg0SIiP09k2a9Ycix+rs66ur93c3PDc
thfw4w/f4cKF89rrQolEgnnR87Fm7e28LhwAoUnB3y7Wqq6uDjU11WhtbYWDgwO8vLzh4ODQq8e2
traisaEBrm5uva7yPZDz2Yqmpib8+603UFCQD7FYjClTpmLmrNmwd3BAaUkJiotvoLGxEarWVri6
ucHdzR0BgYHw8/eHh4enzpRWa6BWq1FQkI9vvvoS+fl53e7r7++PdXfdjbHjxkMQBJteCpGXdx1f
fL4LxcU3oNFoEBgYhFdf+41Jlqg0NTXhtVd/oReACYIAb29vuLt74Pr1XJ3ApfPrq9Fo9C46AgIC
cNf6DRgzdpxN/yyIiEzpw/ffRerNlor//s/7ANo6f73xr38AaFue+NzzL2hba7fvL5VK8a833tY5
1r69P2k7sPz+f/4IXz8/xMfF4vvvvsHWRx/XqXfR1NSExpuzPX18fQEApaUl+OqL3cjOzoKHhwf+
9Je/mfCZW05VZSUqKit0tkVFjdK53V47qp2Pt49OzYD+HMPJyclma731ZDC8poZq2gxU+3/TQ1lt
TQ1qamsgCAK8vLwtWuR/sGA0ZMXc3Nz6XdDQzs4O7h4eZjufrXBycsKatbchMzMD8+bN1+l+Eh4e
YcGR9Y9IJMKIESPx4suvICP9CmKPHkFubo72w7YgCAgODsGSpTGYMnWa9gLQ1o0YMRKvvPoasrKu
oaK8HNNnzDRZ/Y2yMpk23HB0dMS4ceMxdtx4REZGwd3DA4IgoKK8HGfOnLpZIK7GYKABtP13OX78
BMydF43RY8YOuMUgEdFQ0fGb0IiISCxeshQJ8XHIzc3B8WMJiFmmWzhUoVCg6mbtJJVKhYKCfBxL
iAfQ1urVw9MTGo0GF86fg0Qi0emeArR1XXnn7TcBAC+89AuEh0cgMDAII8PCkJ2dhaamJlM+XYvy
8vbuscBh5w/WpjjGYMLXlLri7uHR589s1D0GHDTkjBs/AePGT7D0MIxKLBZj/ISJGDd+ApRKJRQK
BTQaDaRSKaRS6aCcISAWi9u6/ow2bevipsZGbN6yFcOGDYe3jw9EIpHe6+nr54fb71iHNWtvR11t
LWpqa9DY0IDGxkY4OjrCydkZri6u8PTygkQiGZQ/DyIic1q5ag3SUlNQWVmJ/fv2YNz48QgMDNLZ
53e/fc3gY+9ctx4SiQQlJcXIz8/DjJmz9NbbR0ZGITIyCllZ1/D+u+9g0uQpaGluRnLyRQDA4iVL
TfPEiIYIFmwlU2HAQTSICIKgDTXIOPpSvFQsFsPTywueXl4mHBERETk7O+Ou9Rvw4QfvQalU4tuv
v8JTzzxncF+pVApvbx9EREZi5qzZGDkyDABw5fJlAMDkyVP0HmNnZ4dHH38SR48cwqmTP2tbxvr4
+GBpzHLMmTvPRM+MyDqtXrMWB/bvM97x1t5mtGMRdcQaHEREREQ0pGg0Gvztf/8MmawUf/7fv3fb
gUSpVKKxoQF2EgmcnZ05C4+GrKysa8jqVOejP1avYbhBpsOAg4iIiIiGFI1Gg9qatsJ+XP9ORDR4
MOAgIiIiIiIiIpvHEv5EREREREREZPMYcBARERERERGRzWPAQUREREREREQ2jwEHEREREREREdk8
BhxEREREREREZPMYcBARERERERGRzWPAQUREREREREQ2jwEHEREREREREdk8BhxEREREREREZPMY
cBARERERERGRzWPAQUREREREREQ2jwEHEREREREREdk8BhxEREREREREZPMYcBARERERERGRzWPA
QUREREREREQ2jwEHEREREREREdk8BhxEREREREREZPMYcBARERERERGRzWPAQUREREREREQ2jwEH
EREREREREdk8BhxEREREREREZPMYcBARERERERGRzWPAQUREREREREQ2jwEHEREREREREdk8BhxE
REREREREZPMYcBARERERERGRzWPAQUREREREREQ2jwEHEREREREREdk8BhxEREREREREZPMYcBAR
ERERERGRzWPAQUREREREREQ2jwEHEREREREREdk8BhxEREREREREZPMYcBARERERERGRzWPAQURE
REREREQ2jwEHEREREREREdk8BhxEREREREREZPMYcBARERERERGRzWPAQUREREREREQ2jwEHERER
EREREdk8BhxEREREREREZPMYcBARERERERGRzWPAQUREREREREQ2jwEHEREREREREdk8BhxERERE
REREZPMYcBARERERERGRzbOz9ACIiIhIX2V1NQBArlDCXiqBVCoFALg6O1tyWEOKXKFAQ2PjzX/f
+jnwZ0BERGSdhCaFRmPpQRAREVEbuUKByuqabvdxdXGGVCKB/c3Qg4ynPdSQK5Td7uft6cHXn4iI
yMow4CAiIrIixbKyPu3PsGPgOs/U6K0gfz9TDYmIiIj6gUtUiIiIrET9zQ/ZfXpMQ9tjuHyib/ob
anRU39jI15uIiMiKMOAgIiKyEgqFot+PlSuUkCuUqG9oZNjRBWOEGh0pFAqArzEREZHVYMBBRERk
JYzxobv9OO1hh6tL2wfwoRp2yG+GRr2pq9H3Yxv3eERERDQwDDiIiIishL1UYvQPze1LWIZS2GHK
UKMje6nEZMcmIiKivmPAQURENEQM9rCjtx1QjEXKwq5ERERWhV1UiIiIrEhfu6gYgy13YjF3qNER
u6gQERFZFwYcREREVkSuUKCyusZi53d1cbb6WR2WDDXaeXt62GQgRERENJgx4CAiIrJC9Y2N2iUl
lmBtnVisIdQAbCMAIiIiGqoYcBAREVmx+sZbdTMsxVJhh7WEGvZSCVycnTljg4iIyMox4CAiIrIR
1hB2mLo4KUMNIiIi6i8GHERERDaovrERCoXCokGAscIOhhpERERkDAw4iIiIbJyl63UAfQ872kON
tn9bLthgqEFERDR4MOAgIiIaJOQKBRRKpVWEHYbazlpbqNH2bwYbREREgwUDDiIiokHI2sIOSy9B
YahBREQ0+DHgICIiGuSsoTipJbR3fzE0m4SIiIgGHwYcREREQ8hgDzvspRIAYF0NIiKiIYgBBxER
0RA1WMIOhhpEREQEMOAgIiIiWEfb2b5iBxQiIiLqiAEHERER6bCGtrNdYahBREREXWHAQURERAZZ
SycWhhpERETUGww4iIiIqEfmrtfBUIOIiIj6igEHERER9Ympwg6GGkRERDQQDDiIiIio3wYadjDU
ICIiImNhwEFERERG0duwoz3UaPs3gw0iIiIyDgYcREREZHQd287aSyUAwFCDiIiITIoBBxERERER
ERHZPJGlB0BERERERERENFAMOIiIiIiIiIjI5jHgICIiIiIiIiKbx4CDiIiIiIiIiGyenaUHQERE
RERERLbpSnEFLhWX42ppJXLLa1BUXY+y+kZUNbWgSa6EQqWGhn0ttARBgFQsgpO9BF5ODvBzdUaI
pyvCfD0wKsAbE4J8MS7Ix9LDtFnsokJERERERES9klwgQ1xmHk5kFyIx5wYa5EpLD2nQcbGXYHZ4
MBZEhGLp6BGYMszf0kOyGQw4iIiIiIiIqEvJBTJ8ezETe1KzkFNeY+nhDDnhvh64fVIk7p46mmFH
DxhwEBERERERkZ7PEi9jx+lLOJN7w9JDoZvmhAXj4bkT8NDs8ZYeilViwEFERERERERab8WfxzsJ
F1FYXWfpoVAXQj3d8Mziqdi2ZLqlh2JVGHAQERERERERPj6Zir8fTmKwYUNCPd3wyopZ2Bo9ydJD
sQoMOIiIiIiIiIawk9lF+P2en7kUxYbNCQvGH26fj+iIEEsPxaIYcBAREREREQ1Rv/7xOF6PPWfp
YZCRvBAzA3++c6Glh2ExDDiIiIiIiIiGmOQCGbZ9dRQX8kstPRQysmnDA/DWvcuGZMcVBhxERERE
RERDyGeJl/HU54eh4UfBQUsQBLx7/4oh122FAQcREREREdEQ8Yd9J/G3Q4mWHgaZyS9Xzsbv10Zb
ehhmw4CDiIiIiIhoCHh692F8evqSpYdBZrZ57gT8574Vlh6GWTDgICIiIiIiGuQe/u8+fHMh09LD
IAvZMG00dmxZa+lhmJzI0gMgIiIiIiIi02G4Qd9cyMTD/91n6WGYHAMOIiIiIiKiQerp3YcZbhCA
tpDj6d2HLT0Mk2LAQURERERENAj9Yd9J1twgHZ+evoQ/7Dtp6WGYDAMOIiIiIiKiQeazxMvslkIG
/e1QIj5LvGzpYZgEAw4iIiIiIqJBJLlAhqc+H9xLEWhgnvr8MJILZJYehtEx4CAiIiIiIhpEtn11
FBo2y6RuaDQabPvqqKWHYXQMOIiIiIiIiAaJX/94HBfySy09DLIBF/JL8esfj1t6GEbFgIOIiIiI
iGgQOJldhNdjz1l6GGRDXo89h5PZRZYehtEw4CAiIiIiIhoEfr/nZ0sPgWzQYHrfMOAgIiIiIiKy
cR+fTMWZ3BuWHgbZoDO5N/DxyVRLD8MoGHAQERERERHZuL8fTrL0EMiGDZb3DwOOHjQ2Ng7JcxMR
ERERkW14K/48CqvrLD0MsmGF1XV4K/68pYcxYAw4upGbm4vNjz6Ko3FxZj/30bg4bH70UeRezzX7
uYmIiIiIyHa8k3DR0kOgQWAwvI8YcHQhNzcXr/7mN2hsbMTrb76JI7GxZjv30bg4vPHWW2hsbMQv
X/s1cnMZchARERERkb7PEi9z9gYZRWF1HT5LvGzpYQyI0KTQaCw9CGvTHm40NDRotwmCgO3btmHZ
0qUmPXd7uKHp8GNxcXHBX//0J4SFhZn03EREREREZFuW/usLqysu6u3siNsmhWNCsA+8nBygVKlR
Vt+E6xW1+PbiNdQ2yy09ROrCnLBgxL24ydLD6DcGHJ00NjRiy+OP6YQbHb3w/PMmCzmOxsXh9Tff
NHifs7MzPv3oIzg7O5vk3EREREREZFuSC2SY9/edlh6Glr+bE/6+fiHWT4mCs73E4D51LQocuJSL
X/3wM/Iqa808QuqNU688iCnD/C09jH7hEpVOnF2c8egjj3R5/xtvvWWSmhztMze68tjWrQw3iIiI
iIhI69uLmZYegtbaieE499qDeGj2uC7DDQBwc5Bi44zROPfaA9gwbZQZR0i9ZU3vq75iwGHA8pgY
bN+2zeB9Go3G6CGHoWUpHW3ftg3LY2KMdj4iIiIiIrJ9e1KzLD0EAMCcsCDs3LIaoZ6uvX6Mj4sj
Pt28EndOjjDhyKg/rOV91R92lh6AtVoeEwNBEAwuGdFoNNrtA12u0t2yFIDhBhERERER6UsukCGn
vMbSw4CDxA47tqyCh5O9znZ5qwpncotxTVYNjUaDkT7uiI4IhpP01uwOJ6kE/94Ug6TrJSipbTT3
0KkLOeU1SC6Q2eQyFQYc3WgPL7qaXTHQkKOncMOU9T6IiIiIiMh2xWXmWXoIAICt8yYg0s9TZ1ty
YRm27jiE5MIyne2j/L3w8cMrMC88WLst2MMFr6yYiRe+TjDLeKl34jLzbDLg4BKVHixbuhTPP/dc
l/f3d7lKTzU3zNGxhYiIiIiIbNOJ7EJLDwEAsHzsCJ3bZfVNWPP2d3rhBgBclVVhzdvfI72kUrst
ragcmaVVJh8n9Y21vL/6ijM4eqF9iYihQKK9JgfQ+5kcPdXc4MwNIiIiIiLqTmKOdbSGDfXSrbsR
l1nQ7XKT2mY5/rj/DO6bOQbvHU/Fgcu5ph4i9YO1vL/6igFHLxmrJkdvam4w3CAiIiIioq5cKa5A
g1xp6WEYpFSpetzny3OZ+PJc3zt1OEjsEDNmOKYP94ePiyPsRCLUNstRUFWP+KsFyOgwM8RazBgR
gMWjhiHE0wUOdnZokCuRW1GDuEzrHG+7BrkSV4orMC7Ix9JD6RMGHH0w0JocrLlBREREREQDdam4
3NJD0CqtbQRCb91eMmoYPJ0cUN3UYrRzhHi64ndr5mDdlEj4uDh2uV9yYRn+cywZH528ZPD+9x9Y
jrumROpsW/XWdzifX9qrcSS8dC/Gd/jAX1BVh2l/3mlw3wdmjcXLy2dgYrAvBEH/frVGg7PXS/G3
w0n4MSW7V+c3t0vF5TYXcLAGRx/1tyYHa24QEREREZExXC21nm/+j1/TrdUQ4umK/c/dhSh/zy4e
0Tf3zRyDlN8+hMfmT+w23ACAKaF++PDBFfj68dsgEet/1P32wlX4uDjq/O/R6Am9Gkd0RDAWRobq
PDbhquE6FR8+uAI7H1mNSSGGww0AEAkCZocF4rsn78B79y/r1RjMzZreZ73FgKMflsfEYPu2bQbv
a6/J0THk6E3NDbaCJSIiIiKi3si1gvaw7T74OQ2F1fU62+aEBeH8aw/i3fuXYWygd7+P/Wj0BOzY
sgrezt0HG51tmDYKHz+0Um/70Yx8pHQqfnrH5AiDYYj+WCbqhBUtyla8cyxZZx+JWITDz9/d69AE
aAs6nlgwCTu2rOr1Y8zFmt5nvcUlKv3U28Kj7ft0FW5w5gYREREREfVFUadAwZKqm1rw/Ffx2L11
DRwktz5eujpI8eSCSXgseiLO5ZVi36Uc7DhzpU9jv2f6aNiJboUP8lYV9qbl4IfkLKQVlUOhUmFi
sC/unByJDdOiILUTa/d9YNZYfHEuAwcvX9c55udnMzA51E97O8DNGffPGotPT1/uchyuDlLcNjFc
Z9uR9Hxcr6jV2fa/6xbodZUprmnAzqR0nM65gcKqegzzcsPysSOwaeZoeDo5aPd7aPY4JOaW4N3j
Kb14ZczDmt5nvSU0Kbr45E29ciQ2tsulJ8LNiI/dUoiIiIiIyFgm/OEj5FjZt+ubZozGf+5bBg8n
+y73aVIocfDydXzwcxqOpOf1eEyJWIQ3712CJxZMQkFVHbZ8egjHrhleFnLbxHDsfnQtXOwl2m37
0nJw2zs/6Ozn6iBF3l8eh5fzrXDhaEY+lr/xTZfj2LZkKt68d4nu+d75AfvScrS3F48ahoPb1sO+
Q8hy7Foh7n5vDyobm/WOGeHnge+fvBMTgm/VuCisrkf4rz+EUqXucizmFO7rgUu/f9TSw+gTLlEZ
oJ6Wq3DmBhERERERGVOVEQt4GssX5zIx7++7sS8tB61qwx/QnaQSrJ8ahUPb7saR7Rt0CnYaolSp
8fTuWGz59BDWvftTl+EGAOxNy8Hb8Rd1ts0aGai3X32LAj+kZOlsWxgZgnBfjy6PvWnGGJ3bl25U
6IQbAPCrVbN0wo2rsiqseft7g+EGAGSX1WDD+3tQ2yzXbgv1dMWWueO7HIe5WeP7rCcMOIygu5DD
ENbcICIiIiKi/mqy0hax6SWVuO2dHzDnr7vxeVKGzof3jgQBWDZmOBJeuldv6YchnyVe0audYciu
pHSd276uTjrLQNq9ezwFKvWtL6KldmI8Nn+iwWNOHx6AmSMDdLbtPpuhczvE0xWLokJ1tv1uzyk0
Kbr/OV2VVeGbC9d0tq0cN7Lbx5iTtb7PusMaHEayPCYGgiB02wYW4LIUIiIiIiIaGIWVLGHoyvn8
UjzwyX64Okjx4Oyx2Dh9NOaEB+nU0wAAHxdH7NiyCqvf/g6JuSXdHtPd0R53To7AwqhQBLg5w93R
Ho0KJaoam5FXWYeT2Tdw+Mp1qDUaiDpUAx3m5arXsvZCvgyncm5gQWSIdttdUyLx6vf8WFwMAAAg
AElEQVQn9M77+PyJOserbmrB+ydSdfa5Y5JuodLaZjmUKjXWdWpJa0hZfZPO7bFB/S/KamzW/j4z
hAEHERERERERGV19iwL/OZaC/xxLwbTh/vjliplYNyVSJ+jwdHLA/61fhPn/94XBYzhJJfjtmtl4
auFkuDt2Xd/jlyvaimIK0O3LKhGLDe6/48wVnYAj0s8TayeG6yw9cZDY4fZJETqP+zElWy8w6dwp
xt3RHt8/eUeXY+1OgJtzvx5HbbhExUiOxsX1OHsDAF5/802dFrJERERERER9Ie1FW1NrcyFfhns+
2Iv17/2kV5ciOiIY0RHBeo/xdnZE3Av34NWVs7oNN9qFeLrqtHLtzienLum1t314zji92/5uTtrb
ao0G/zmm3+XEx6VvbWy74ySV9LyTmdji+4wzOIzgaFxcl51UDGnfl0tViIiIiIior5zsJZC3qiw9
jH7Zk5qDx3cewXedZjjcNjEcJ7Nv6Gz78rG1mB2mWyi0tlmO0znFKKiqg7xVBXdHe0T6eWJyqG+f
w4Gvz1/FS8uma2+vGDsC3s6O2gDmvpm6xUVPZd/A+fxSveOIRLqpSqtajdZ+Lu9oUrT263Gm4GRv
PWFLbzHgGKD2cKOrbimGaDQahhxERERERNQvXk4OqG60ng4XUf6eeHLBZKTdKMenpy/3uP/3yVm4
JqtGlL+ndluIp6vOPuumRCJmzHCdbbEZ+Xjgk/2Q1enWrQDalro8s2gy/nhHdK/H/c6xZDy7eIq2
+4mrgxRboyfg74fPYnyQD+aGB+ns/+mZKwaPU9epmGpsRj5WvfVdr8dhrbwMFGi1drY358SK9BRu
vPD88922kOVyFSIiIiIi6is/V+uo03D31Cgc3LYel363GS/ETMMziyb3+rHlDbohhYu9VOd25+4q
lY3NuO9jw+EG0Fb8c2+n1q09uV5RiyPpeTrbNkyLAgA8sWCSTq2Qwup6fHLqksHjZJfX6Nwe10P7
W1thLe+zvmDA0U/tNTe6CzeWLV2K5TExeOH557s8DkMOIiIiIiLqi86zHSzl/lljsXLcSEhvzoCY
NiwA904f3avHBrm76NzuHHh0fo7n8kpRXm843GjXnxarH51M07k9bVgA5oQF6XVA+fJcZpfHOJqe
r3M71NMV988a08XeuiRiEeaF69cfsQbW8j7rCwYc/dBTzY3t27bpLD1ZtnRplzM5gLaaHAw5iIiI
iIioN8J8PSw9BADQm9EgCMC/Ny3F+B5mMGydNwEjfdx1tuV0mgXR3KkWRefuKJ25OkixZd74noas
Z09qDtJLKm+dRwDeu38Zgj1uBTAtylaDxUXbnc8vxaUbFTrb/nLnfJ1jdOXNe5fgxC824uj2Df0K
aEzJWt5nfcGAo496Wpayfds2LI+J0dve3UyO9pocDDmIiIiIiKgnowK8e97JDPam5SAxt0Rnm4+L
I/Y+uw4rxo0w+JhtS6bizXuX6GyTt6rweVKGzraCqjqd23PCgxDhZ/gDt4PEDv99eCVG+Xv19SkA
AHaf1T33xBBfnduH0/OQV1nb7THeTrioc3uYlxv2PXsXJgR3Hfa8tXEJnlwwGSJBQMyY4Tjw3Hps
Xzqtj6M3HWt5n/UFi4z2QU+tYNuXpXSl/T5Dx2DhUSIiIiIi6o0JQb4972QmT35+BCd+sQluDrdq
aIzwdsfB5+7G+fxSpN0oR7OiFb6ujpg1MhAjvN31jvHV+Uy9QOOr85l4ZtEUbdtXNwcpDj53N363
5yS+6LBcZOOM0Xh52QxMG+7f7+fw3vFU/GL5jC5b0X5wIs3g9o4+/DkNK8aOwPqpUdptk0P9cOqV
+7DvUi7iMvKRV1kLX1cnjA30xsYZoxHp56lzjMvFFfjg5//P3n1HR1H9bxx/AqGEJCC9gwQQUECQ
oAHpXYr0Diq9SRMsXwVFERCkNwVBeu+9YwMEAZEu0ouUEGqAkAL5/eEPNMxskk12szvJ+3WO58id
2TufDDtL9pk798Z8rITiTu+z2PJ4EGbH8h9JWHzDDWf1BQAAACDpydJvnO6Fhru6DElS69eKaErr
GvKOw7Kix6/c0OsjFujWA+OqMKt7NDRMNipJD8LCdeP+Q2Xy8ZJXin/v2Z8JuqN8GdM9DUUkqfTQ
uaZLuz5rTvvaavPai4b2Q5eu6+XBs2L1s2T09tLP77fQi9ntH/kQGPxA9SevMIyIcRWfVCkUOMr2
XJLuikdUYsHeOTdiwpwcAAAAAOIjwI0mppy357iaTV2jy7fv2fW63WeuqMa4pabhhiS1m7lRf1wM
NLSnSZlCudP7Rgk3Lt0KVrOpqxWpuN2///angzK79T/vmcdXonPjfogqjVqkDUfO2nXs41duqNqY
xW4Tbkju9f6yBwFHDOI650ZMalSrFu0SsoQcAAAAAGypUCC3q0uIYv2RMyr6+UxN+OF33bgfEu2+
J67dVP+lP6rM8Hm6dCvY5n437oeowsiF+u6XQwoJjzDd59HjSK09dFqVRi3S/vPX4lz/ztN/a8/Z
qAHDrQcPNeXng3b1cz34gWpPWKaPlv+si9H8bJJ092GYpvx8UBVHLTJMUupq7vb+ii0eUYlGTOGG
Ix4l2bx1q83RIR4eHnaPDgEAAACQ+B24cE2vj5jj6jJMpUieTA1LFlQZvxzKltZbaVKm0N2HoToV
eFs//XVRP/510e4+s6ZNo7YBL+mFLOmVJW0ahYY/0qnrt7Xyj5Paey7mR1BcpV7x/CpfMJfyZkir
NCk99TDika7eua8/LgZq6e9/6U5IqKtLNLXzg7YqmSfu85q4CgGHDQk5TwYhBwAAAAB7Fft8mmF5
VSC+8md+Toc/6+jqMuKER1RMOHrOjZjwuAoAAAAAe735ckFXl4BEyMrvKwKOZ9y/d19Tp09z+Jwb
MYkp5Jg6fZru37vv8OMCAAAAsKYmrxR2dQlIhKz8viLgeIa3j7e++nKI0ninMWzr27u3U8KNJ2yF
HGm80+irL4fI28fbaccGAAAAYC0l82RVGT9rrnYB91TGL6cl5954goDDRH4/P40YOjRKyOHIOTei
U6NaNfXt/e96w2m802j4kKHK7+fn9GMDAAAAsJa3yxZzdQlIRKz+fiLgsMEv378hR0KFG09Ur1pV
fXr1UhrvNBoxlHADAAAAgLm3Aooqd/q0ri4DiUDu9Gn1VkBRV5cRL6yiEoN79+7Jx8cnyR0bAAAA
gDWM375PHy3/0dVlwOK+alRJvar4u7qMeGEERwxcGTAQbgAAAACISa8q/oziQLzkTp/W8uGGRMAB
AAAAAJb3Qc3XXF0CLCyxvH8IOAAAAADA4jqUe5kVVRAnZfxyqkO5l11dhkMQcAAAAABAIvD5m+Vd
XQIsKDG9bwg4AAAAACARKFcgl/pWK+3qMmAhfauVVrkCuVxdhsMQcAAAAABAIjGkQUWVypvN1WXA
AkrlzaYhDSq6ugyHIuAAAAAAgERkfPPq8vDwcHUZcGMeHh4a37y6q8twOAIOAAAAAEhESubJqm9a
13R1GXBj37SuqZJ5srq6DIcj4AAAAACAROatgKL6sFaAq8uAG/qwVoDeCijq6jKcgoADAAAAABKh
z+qW0ztli7m6DLiRd8oW02d1y7m6DKch4AAAAACARGpyq5pqWqqwq8uAG2haqrAmt0rcjy4RcAAA
AABAIjarXV1CjiSuaanCmtWurqvLcDoCDgAAAABI5Ga1q8vjKknUO2WLJYlwQyLgAAAAAIAkYXKr
mkw8msR8WCsg0T+W8l8eD8IiI11dBAAAAAAgYczefUTd5m1SJF8FEy0PDw9907pmol0txRYCDgAA
AABIYg5cuKZei7Zo//mrri4FDlYqbzaNb15dJfNkdXUpCY6AAwAAAACSqE9W/qQxW/e6ugw4SN9q
pTWkQUVXl+EyBBwAAAAAkITtOHVJn63+Rb+e+dvVpSCOyvjl1Odvlle5ArlcXYpLEXAAAAAAADR9
x0GN2LRHF2/ddXUpiKXc6dPqg5qvqUO5l11dilsg4AAAAAAAPDV++z5N+uF3gg43ljt9WvWo/Ip6
VfF3dSluhYADAAAAAGAwe/cRzdp1mEdX3EgZv5x6u2yxJLc6SmwRcAAAAAAAbDpw4ZqW/v6nVh88
qdPXb7u6nCQnf+bn9ObLBdXklcJJcmUUexBwAAAAAABi5cCFa9r25zn9fOqidp/+W/dCw11dUqLj
kyqFAvLnVIUCuVW18POEGnYg4AAAAAAAxMnRy0E6fPm6Tly9oTPXb+vSrWAFBt/XzQcP9SA0XGGP
HiuSr5xPeXh4KGXyZEqTKoUypEmtLL7eypXeV36Zn1OhbBlVLEdmvZQjk6vLtCwCDgAAAAAAYHnJ
XF0AAAAAAABAfBFwAAAAAAAAyyPgAAAAAAAAlkfAAQAAAAAALI+AAwAAAAAAWB4BBwAAAAAAsDwC
DgAAAAAAYHkEHAAAAAAAwPIIOAAAAAAAgOURcAAAAAAAAMsj4AAAAAAAAJZHwAEAAAAAACyPgAMA
AAAAAFgeAQcAAAAAALA8Ag4AAAAAAGB5BBwAAAAAAMDyCDgAAAAAAIDlEXAAAAAAAADLI+AAAAAA
AACWR8ABAAAAAAAsj4ADAAAAAABYHgEHAAAAAACwPAIOAAAAAABgeQQcAAAAAADA8gg4AAAAAACA
5RFwAAAAAAAAyyPgAAAAAAAAlkfAAQAAAAAALM/T1QUAjnbh4gXdD75nc3u2bNmUPkOGBKzoH/fu
3dfFC+dtbvdMmUIFCxRMwIoc6/Tp0woLDY3SlsY7jfLmfd5FFRlt27ZFK5Yv1/kL55XveT81btxE
FStVivF1VvjZbInpfedsqb1SK18+P5cdPymL6/sdzsU16V6s/PkOADDyeBAWGenqIgBH+uST/2nh
gvk2t7dr30EDBnyagBX9Y86c2Rr02UCb20uWLKmly1YmYEWO1bZNS+3atStKW7169TV23HgXVRTV
t99M1tdfDze0Dxr0hdq+9Xa0r3X3ny06Bw/+oUYN67vs+NWr19S3U6a67PhJVXze73Aurkn3YuXP
dwCAEY+oIMlZumSxgu/eTdBjPn78WIsWLUjQY+JfJ0+dNP2yJ0lDvvxCV65cTuCKAOfh/Q4AAJIq
Ag4kOcHBwdr+w/YEPeaB33/X8WPHEvSY+Nfv+/bZ3BYeEaGDBw8mYDWAc/F+BwAASRVzcCBJWrpk
kerXb5Bgx1uzdnWCHQtG4RHh0W6PiGE74EyhoaG6efOGoT19+gxKnTq13f3xfgcAAEkVAQeSpF27
dunEiT9VqFBhpx/rzu3bWrF8qdOPA9teerFotNsLFS6SQJUARn/+edx0ToZ58xcpICDA7v54vwMA
gKSKgANJ1ob16xIk4Ni2fZvu3bvv9OPAthIlS6pZs+ZavHiRYVu79h0svXpNTF56qagOHDhk12se
PXokf/+ShvZ33+2pDh062dWXR/Lkdu2P+EvK73cr4JoEAMB5CDiQZC1atFBdunaXl5eXU4+zxORL
BhKWh4eHBn0+WDlz5daMGdN1+9YtZcqUSR06dFK79h1cXZ5TeXp6Km26dHa95tGjR6btqVKltrsv
JLyk/H63Aq5JAACch4ADSVZgYKB27vxF1arVcNoxjh87pt9+2+O0/hF7qVKl0rvv9lTnzl0UfDdY
aZ9LpxSefAQiceL9DgAAkiJWUUGS0LvPe8qbJ6+hffmyZU497oYN6w1tKTw99fEnA5x6XNiWMmVK
ZcyUkS97SBJ4vwMAgKSEgANJgoeHh1q0bGVo37Rpoy5cvOCUY96/f1+LFi0wtDds1FiZM2dxyjEB
AAAAIKki4ECSEB4WpppvvGG6bdPGjU455o4dvygoKMjQ/mb9hgoLD3PKMQEAAAAgqSLgQJIQFhaq
vHnyqmbNWoZtixYuUHhEhMOPuWypcWnYggUKqnTp0goPJeAAAAAAAEfioVwkCaFh/wQKTZo01aZN
UUdsnD17Rr/t3q3Xy5Vz2PHOnz+nbdu2GNpbtmotT09PhYeHO+xYZsIjInTu7BmdPn1aF86f193g
u7oXHKzUqVPL28dX2bJlU4ECBVWgQAH5+vo6tRZbIiMjdfLkX/rrrxM6e/acgu/eVVh4mNL6plX6
9OlVoGBBFSpUSFmyZHVJfQkhMjJSFy9d1Km/TurM2TO6e+eO7t69o1SpUsnHN62yZs0qPz8/vVDw
hSSxUoK7nI+IiAidPXdWf534U5cuXtLNmzf08GGovLxSy8c3rXLnzq18+fKpcOEiSpkypdPqsIqw
sDAdPnRIf/11QpevXFbw3btK4+2t59I9p0yZM6to0aLy88svTyfPAxIWFqZTJ0/qxF8ndOnSpaef
KT4+PsqaJavy+fmpeLHiSeJaiq/IyEidPnNaZ06f1rlz53Tnzm3dv3dPqVOnVtq06eSbNq3y5M6j
Ii8WcepnNNciAMBeBBxIEkJDQyVJZV8vpxw5cujy5ctRtq9Zs8qhAcfGDRtM22vUrClJevj/9Tja
X3+d0Ib167Ri+XJdvHQxxv29vLxUp3Zd1a5TV6+XK+fwLyAeHsa24OBgrVq1QvPnzdOJE3/G2EfV
qtXVoGFDVa9eQylSpIhzLWfOnNGSJcYle1u0aKm8eZ+Pc79xERwcrA3r12nZsqXat29vjPunSpVK
b7xRW/Xq1Vf5ChWUPHnyBKgy4bjL+bhy5bJWLF+upUuX6Pz5czHunylTJr1Zv4GaNG6iQoWLxLj/
7Vu3NGXqt4b264GBpvsvXDBfP/30g83+Xns1QJUqVzbdFp/3+4zvpyvwetSaKlasrICAgChtgYHX
tGDBAi1cME+BNn6GJ7Jly663335HzZu3ULrnnot2X3td+vuSli9domVLl+rS35ei3TeFp6fq1K2n
lq1aq1Qpf3n850Pq3r37mjRpvOE1bdq8pZw5czq0Znd1/vw5rV69WqtWrtDZs2di9ZrCRYqoRfOW
qlu3ntJnyOCQOpx9LTrbihXL9ddfJ0y3lSpVyqmrtwFAUkfAgSQh9OFDSVLq1KnVvEUrjRk9Msr2
lSuWq1//D5Q5c+Z4HyssLEyLFppMLtqwkbJnz/F0H0c6f+G8pnz7jelxoxMSEqKly5Zo6bIlKuXv
r57v9lL5ChUdVpe3j8/T/4+MjNSmTRs1+IvPdfXqlVj3sW3bFm3btkXFihVXv/7vq3z5CnGq5ebN
G5o6xfjlskb1mgkWcDx69EirVq3UuDGjY/wi9l+hoaFauXKFVq5codKlX1W//u+rdOlXnVhpwnCX
8/HgwQPNmDFdkyZOeBqGxkZQUJC+nz5N30+fpkaNGqv/+x8oa9ZsNvcPeRhi+h60Zc2aVdFuT/9c
epsBR3ze79u3b9WuXbuitD2f9/mnAUdERIQWL1qo4cOH6t69+9H29cTVq1c0fPgwTZ/+nb4YPMT0
cUF7Bd+7p2lTv9V3302N9d9beETE0/dOvXr19f4HHz4NL8LDQk3P2Zv16if6gCMw8Jq+/fYbzZo5
w+7X/nn8uAYN+lSjRn2t7t3f1Tvt2sd5NEVCXYvONGfObA36bKDptpo1a6lnz94JXBEAJC3MwYEk
4b+BQu3adQzbwyMitHXLZocca8+e3Tp/4byhvUHDRv8eL8wxIzgeP36s5cuXqX69OnaHG8/av2+f
3nnnLQ36bKDu3rnjkPp8/z/gePjwob74YpB6dO9qV7jxX4cPH9I7b7fVyJEj9PD/AysruXnjhvr2
6a33+79n15f5Z+3d+5taNG+qcePGOv1RJ2dyl/Nx7dpVderYTqNHjbTrC9Wzli9fpjfr1dHOHTvi
3IcV3L1zR+/17a2BAz+JdbjxX0FBQererYtmzvg+XnX8efy4WrVspol2fhH+rzVrVqlJ4wb69ddf
41WL1f2wfbvq1a0dp3Djv4KDgzV8+DB17dpJV65cjvkFz0gM1+KC+fNshhvVq9fU1yNHK02aNAlc
FQAkLQQcSBIehv77hdjPz09VqlYz7LNo0UI9fvw43sdatXKFoS1v3uf12mv/Du8Oc8AX0/DwcH35
5Rd6v/97Cg4Ojnd/T8yZM1tvv902Tr+gPsvbx1dhYWH66MMPNHvWTAdUJ30zeZL69+ur+/ft/3Ll
KpcvX1abNq20bt0ah/U5ftwYffy/Dy0Z9rjL+bh544a6dO6k3bt3O6SGoKAgdWj/trZv2+aQ/tzN
vXv31bNnD61btzbefQ0e/Lk2bjR/lC8m+/btVctWzXXs6NF41xEYGKgO7d9O9MGULXPmzFbHju1M
V/yKq59+/FHt272j69evx/o1ieFaXLRwgQYM+Nh0W7VqNTRq9Bh5e3snWD0AkFTxiAqShPDwqKuk
NGnSVNu3bY3SdvjwIR08eFAlS5aM83ECA69p7ZrVhvZWrdtEmT/iUcSjOB9D+mfEyScff6Rly4wr
tfxXlapVVeoVf+XOk0c+3j56GPpQQUHXdeTIEW3cuMHmSI1Dhw7qnbfbavqMWcqVM1ec6/Tx9taE
CeNsDrX39y+t18uVl59fPvl4++ph6ENdvXJF+/fv0/r162z2u2HDekVEPNL4CRPdfmK5a9euqmOH
dtHON+LvX1oVKlZUrly5lS5tOoVHhOnWrds6feqktmzebDoiSPrnTmUyj2QaNnyEkiWzRl7tLucj
MjJSQ4d+qcOHD5luT+HpqTdq19FrrwUoZ65c8vLyUujDUF0LvKZjx45q/bp1unbtquF14RER6te/
r5YsXa4C+QtEW4PVfD3iK+3Y8YuhvWbNWipTpqyyZc+m5Mk8FXwvWOfOntEvO37Rgd9/t9nfwIGf
qGixYnZ9xhw5clgd2r8d7eiRggUKqmr16ipQoKDSpU2nSD3Wrdu3dfLECW3auNEwP1FoaKh69X5X
076L36gSq1m2bKnN0QbSP3PdVKtWXaVffU25c+WWt4+3QkNDdefOHf3553H9+OMPNkOmv/46off6
9tK3U6bF+KU+MVyLS5ct0ccff2S6rUrVaho1eizhBgAkEAIOJEkVKlRUlixZDBPjrVu3Jl4Bx6ZN
m0yXnK31xhtx7tPMxPFjbYYbvr6+6tCxs5o0afJ0zg8zAwZ8qu3bt2rypEmmk6GdOnVKfXr31IwZ
s+O80srGjRu0d+9vhvY336yvzp27qsiLL5q+7p127TXg2lUtXDBfU6Z8azpcecuWTZo4Ybze69c/
TrUlhLCwMP3vfx/a/DJfv34DderUxeZ5kKT3P/hIu3bu0LhxY/XHHwcM25cuW6KixYqp7VtvO6xu
Z3Gn87F3729asWK56bYWLVupR4+eypHD/Ppp1Kix+vbtp9WrVmr48GGGEVR379zR8K+GaurU6VEm
sUybNp0mTTbO8XD+3DmNGPGVob13n/f0wgsv2PwZ8j2fcJPjzp8/T0eOHI7SVr9+A/Xu09fmnB69
evfVgd9/1+jRX5s+BnLzxg3NmztHH374v1jVEBQUpL59etkMN8pXqKhu3brL37+0zYln+3/wkXbt
2KFJkydo/759T9tv37qld9/tHqs6EoPz589poI3RBj4+3urRo5caNW6iTJkyme5Tp05d9enznnb/
+qvGjR8T5Vw+sWvXLs2fP0+dOnWOthZXXIuOtGLFcn34vvm/Q1WqVtXoMePk40O4AQAJxRq3/AAH
8/LyUosWLQ3tS5csVvDdu3Hq8/Hjx1q0yDgPRp069eI1CuJZ27Zt0cSJE0y3VapcWavWrFPPnr2i
DTckydvbW/Xq1dfSZSvUtZv5L/YHfv/d9ItXbD0bbjyXPr0mTf5WY8aOj/ZLrCRlzZpNvfu8pxUr
V6tECfPQadKkCW79/PzMGd/rpx9/NLSnSpVKI74epVGjx8Z4Hjw9PVWhYiXNmTtfb7/TznSfYcOG
xGqlAVdzp/OxxmSklSR9+NHH+vLLoTa/UD3h7e2tlq1aa8GCxab7Xjx/wTDfjLe3t2rVesPwX0CZ
MqbHePXV10z3f/JfQq4W8Wy40advP40cNSbaCUs9PDz0SqlSmjZ9ppo1b2G6z5zZs2L9eMSYMaN0
5oz5yh6DPh+sadO+12uvBUS7qk4KT09VrFRJc+bMV6/efaNsi+v8QFaUJ09eDftqhOGL96uvvqbV
azeoc5euNsONJ5InT67Xy5XTrFlz1b5DR9N9Jk+eGOOjKq64Fh1lzZpV6t+vr+m2SpUra/SY8U/n
ogIAJAwCDiRZtevUNbQFBwdr+w/b49Tfgd9/1/FjxwztjRs3iVN/Zu7euaMhgwebbmvWvIUmTfpW
efPktatPb29vvf/+hxo61DzImD9vrmFFhbjIlCmTZs6crVq17BvNUqhQYU2b9r3Kvv666fbhXw2N
14R0znLp70saP36s6baJEyerceMmdt1RTJMmjQYM+NT0bmhoaKgmjB8X51oTgrudjx9NrvMSJUqq
Q4eOdtVR5MUXNWbsv0uLBgQE6NspU7Vm3YYYQ0ar+t/HA9SzZ69YPxaVOnVqDRjwqUr5+xu2hYSE
aPfumD9f9u79TQsXzDfd9u2UqWrb9i27lrlOlSqVevfuo0GDvoj1axITDw8P1a/fQEuXrVTx4i9L
ksqVK6+p3023+98QLy8vffTRx2rT5i3Dtrt37mh9DHO2WPVaXLdujfr07mW6rULFSho7dgLhBgC4
AAEHkqyCBV8wXRJ16ZJFcepvrcmEibly5lKZsmXj1J+ZefPmms4/UL16TX3++WClTp06zn03b9HS
5lDxr0d8pQiTR2/sMWbMeBUrVjxOr02fIYNGjx6nfPn8DNsOHz6kzZs3xqs2Z/h++jSFhIQY2j/7
[...]
a1tiYmKzzt0euHbQkHETztKiBf/y2pa9bWuLRmJIUta6Ncpat6YtStOLLzRtRYJjjZtwVpucv6Vq
Qms2IdCgc845R+eee64+++wzbdy4Uf/4xz8UGen7CVpr2Gy2kF0tpSHjxo1Tt27dVFRUpNWrV+vr
r7/Wqaee2uzneffdd9uhOnQEvJ6En5SEtguQjfLtjxV68J0Dmn3ZcRo/xPtDJXtshC47tausERb9
8YOftLfAGXAkUkykRZec2lUzJifoxF6+S8EeOFytecsLNW95kXKLCDek4F0/wZmiEhF60wyqq6v1
/nvv647b7tD9991vyKcT+/fv152/v9Mn3OjXr5+ef/75ZocbkpScnKzevXt7bXvt1dca7aL+7vx3
VVnpPWRr4CDjGzWG4rXTHnJy9mvN6q+8fv2403feN7yNnzDR6BLa3PgJEw1dCaYmDJZ/Q8dhsVh0
11131TcJf+qpp/TDDz8YXFVocDgcmjZtWv3X9913X7Onnm7dulUvv/xyW5eGDqIjvJ4UFx/R5s0b
tXfvnlYtX28WJxxn/oBDkrJ2lOuRd3/S0o0lPvvssRG65NQumn1ZL/Xs7P+D1rpw49YLEpSaFO2z
/GlBsUuvLS3Sa0sJN44WrOsnKAGH1dq2n6a0hVdfeVXP/OUZrVu3TiuWr9Adt92hrHVZjT+wjWzc
uFG33HSLNm/yntc6YcIEPfv8sxqQOqBFz2uxWHTFr67w2nbgwAHNvnu2du7Y6XN8eXm5Xnv1Nb35
xpte2/sP6K/Bgwe3qIa2FIrXTnt49eW/6jfXT/P6lZOzr/EHdnAZmaONLqHNGf09hcP69uhYjj/+
eN12222SalcX+eyzzwyuKHRMmzZN/fr1kyTt2LFDM2bMaHLIsXfvXs2YMUNVVVUhMWUV5hPuryfL
ly3RlPPP1jW/ulRTzj9LDz1wryoqyo0uq12lJYfGipOt5a7xaP3Ocj32vv+Qo1N0hC4c01lPTEtW
fJz3h61101JmTE5QWrJvuHGkzK2XF9c2FD1wmHDjaMG6foIzRcVqkyyWkOk2VFZWpn+8/Q+f7R99
9JEyMjOCUkPWuiwdOnTIZ/uqVav05ZdfNvl5Lr3sUt3wmxu8tk08Z6Lee/c97d69u37b1q1bdd21
1+nkU07WwIEDZbVZdfCng/r3yn/7fbNz0803Gd50VRZL7bUT5iorKrT480+9tvXtm6IxJ59mUEXm
4XDEa+y4CVq5YpnRpbSJseMmGLqCilT7ok8XDpjNr3/9ay1YsEBbt7Zselq46tKlix5++GFdffXV
kqQVK1bommuu0d13361TTjnF72NcLpeWLFmiBx98UHl5eerVq5emTZumP/7xj8EsHSbnUXgHHD/u
3KFZM2+Ts6qqftsH789Xz+OO0403TzewsvY1sHeMoiMjVFVt/vlH1e6fQw5rhDTumOkqcdERuiCj
s1xuj2a8mqOSCreiIy2alNFZMy86Tif2ivIJNyqcNZr7aYHmfprfoVdL8Sc6MkIDe7dNE/DGBO3u
0RoRKbfbGazTNaiiosLv9pJi3wQv2JzO5v0Z1fiZ4BgTE6M/PPQH3T7jdhUWFnrtW/31aq+lYP25
6eablJmZ2aw62oM1omOM3tiwYb1Po8xfXnFVmzbKC2fjz5oYNgHH+LNCY8qN2+2RzUrEgeaZMmVK
s6ZXpaam6sUXX2yTc8fFxWn27Nn1N/L42emnn67nn39eM2bMkMvl0qZNm/SrX/1KGRkZmjhxovr0
6aO4uDgVFxdrx44d+vzzz7Vt2zZJtf1H/vznPysvL8/g7wJm43aHb7ghSWvXfO0VbtT55KOFYR1w
SNLw42O0Znt4jFSpdnuUtaNcD7/7k6wRFv3imMaj0ZEWTRndWR6PNPONXJ2W3kkPXJGolJ6+PTck
6emF+Xp64UFVOM0fALW14ccHJ9yQghhw2CKjQybg6N69u0aMHKFv13/rtf3kU042qKK2d/zxx+uJ
J5/Qo48+6ndqij9Wq1W/m/47Tb1wajtX1zS2yPAYBteYNau/9vraZrPp7InnGVSN+UyZerH+OvcZ
5eXm+uz7w8OPa8rUi/0+zmKx6H+vvUrfZHmvguJwxGvV19806dxnnDLKZ9WVseMm6C/PBb5pW7jg
A903+y6f7YlJSQFrDTYXAQdaYNeuXc06vkePHm16/tNPP12XX3653nnnnTZ93nBwwQUXqHPnzrrv
vvvq/56ysrJ8mosfrUePHnr66ad16qmn6v333w9WqQgTrjAPOAKFuUb20AqW0f07hU3AIdWONFqz
vUwPzj+g+y/vpVPSOnm9B4qNitCFJ3fRSX1j1LmTVX17+H4AWeGs0QufFujR9w4Es3RTGd2/U9DO
FbQ1OEOpl4LFYtGdM+/UkKFD6rdddPFFIXNj31YGpA7Q3Bfm6sabblSvXsjRYrkAACAASURBVL0a
PPb000/Xy397WRdfcrHxU1P+K5Sumfbidru1fOnnXtvOnzRFxzXy9wVvN91yq9/tf3riMeXl5cpi
sfj8kqTxE872eUxJSbHf5VuPFWhJ2YzMMQEfk5uboycff8Tvvpmz5jR6zmBxufnkAeY0Y8YMde3a
1egyQtIZZ5yhRYsWafbs2UpLSwt4XKdOnXT99ddr0aJFOuOMM4JYIcJJuL+OjDnlNMXExvpsnzz1
IgOqCa5T0n2/73CwOrtM9/+/PK36vlTVxwR0MZEWDUmJ9RtuFJe79fTCfD3+/k/BKtWUgnndWA6V
OIMWsRYfORAyfTik2nmm+fn5io6OVrdu3Ywup1253W59v+V77du/T4eKDqmivEJxneKUlJSktPS0
kFgS1ovFovjO4X+Tv/X7LfrVLy/02va3195U5ujwGU0ULP5GY0i1gcMrr7/l9zHZ27bq8kun+Gy/
6pprdeddsxs835N/fERvvznPZ/s/312g9IGD/D7m+uuu9rsM7aiM0Xp13tsNni/YOtsj6cMBhCmP
x6Ps7Gzt3btXhYWFKisrk91uV0pKigYPHiyHw9H4kwABeCQdKQ3/5or/+fdyPfjAHBXkH5QkXf6r
q3X7HXcpOiZ4Q/GNMuDmraoI3i1kUI1J7aR7LztOpw20K8rW8DuhgmKXXl5cSM+NRsRGWfTDC8Fb
nTOoAUdF+SFVOysbPxAdXmRUjGLjwv9TuNdfe1nP/PnJ+q/T0gfqH+/8K2RG0ZhJ1ro1uv46//Pv
p154if7w8ON+95038Uyf6S2NTVMpKSnW+RPH+YzgSExK0iefr/Q7RPW+2Xdp4YIP/D7fK6+/1eDI
DyN0irEq0ha0QX4AgDBR7apRWWXHuNkrLy/T3j171LVrtw41+vaml/Zr0TrfUazhoi7kOGOQPeCU
3QOHq/Xa0iK9vLhABcWuIFdoLpMz4/XX3/QO2vmC+u7VZgv/RBNto6NcK8uXLvH6+pdXXEW40UIZ
mWMCDg1d8OH7fvteSNL4Cb6NPUtKigOGEVLg6SlTL7y02eHG5KkXhVy4IUnVrvD8ZAYA0L460utH
XFwnpQ8c1KHCDUk6Z3h4j/Jas71MD7/7k1Z9X+p3f25Rbbjx2tJCwo0mCPb1EtyAIyqmdrlYoCEW
iyKjwnN+39H279+nzZs21H8dExvrtycEmu7Ou2YrNS3d775AzT2vuuZav8f7m37S2L4pF/o2CW0o
3EhNS9fMWfcGPI+RnK4adZy3qACAtuBR7esHwtukjHjFRoX3Pd2a7WX6wzsHfEKO3KJqzVtepHnL
C3XgcPhPxWqt2CiLJmXEB/WcQQ04LLIoKjL8b1zROh3lGln/zTqvry+59HJ17RrevWDaW3x8Z706
723Z7f6T4oULPtBt02/yGn2RlJSsseMm+BybvW2r32Bi4YIPlL1tq8/2seMmKCkpuf7rkpJi3Tb9
poDhht3u0Kvz3pbDEdwf+s1RHQbr3AMAgofXjY4h0mrRxWO6GF1Gu8vaUa4H5x/Qyu9qQ44Dh6s1
b3mh5i0vVG4R4UZTXDymiyKDvDJf0CdYd4RP5tE6HeUaWfXvFV5fnz/Jt9klms/hiG8w5FixfKnO
nzjOa6WUq399nd9jX5z7rM+2l154zu+xRz+Hv3MczQzhhsSncACA5uF1o+O47LTORpcQFGu3l+vR
9w7oX6sP/3daShHhRjMYcZ0EPeCw2qJktfousQNIktUaJast/K+P4uIjXje/GZljNOikwQZWFF7S
0gdq5t33Bgw56kZX3Db9JmWtW6OMzDEalTHa57jc3Byv6ShvvzlPubk5PseNyhitjMwxylq3Rrff
erPPKJGj2e0Ozbz7XqWlB6+bdEu53B653ExUAQA0jteMjiWjf5zGpMYZXUa7c9d4tO6Hct37dp5e
XlzAtJRmGJMap4z+wb9GgrqKSp1qZ6Uqyg8F+7Qwgdi4roqMCv8Go/kHD3otF3r8CScGXFoULZe9
bav+99qrVFpa0uBxaekDlZY20O90EocjXu+8v1CSdPklU/wGF1OmXqysdWv8hh9Hqxu5YYZwo06k
LUKdYmh8CwBoWFmlW9WM4OhQFq4r1s0v7Te6DISoF37TW1Mygz9a2ZCAQ5JKS/JV46brLH4WYbXJ
7kgwugyEmZKSYv3vtVdpe/a2Fj9H3SonR4dSzZWalm6KaSn+OOJsskaEdzMxAEDLuWs8KinnfX1H
dO6DP+q7vZVGl4EQM7hvjD677wRDzh30KSp1oqPtRp0aIYprAu2hridHoCVkmyJr3ZpWhRuTp15k
2nBDkqqcfCIHAAiM14mO68ZzuhtdAkKQkdeFYSM4JKmspFBut9Oo0yOEWK1R6uTgByTaV9a6Nfrr
3Gf1TdbaoJxvVMZo3XTL9PoRIGZmj7XJFuQu2ACA0Odye1RaweiNjuySJ3ZrzfZyo8tAiBiTGqf3
Z/Yz7PyGBhxul1NlpYVGnR4hpJO9e4doLorQsGL5Uj3x+EPKy81tl+dPTErSTbfcqilTL26X5zeC
zWqRPdZmdBkAgBBTWuGiuWgH9+W2Ml3+1B6jy0CIeOf3KTotvZNh5zc04JCkyvIjcjpJ/DqyqKg4
xcR1jKWmEFoWLvhAy5cu1soVy9rk+caOm6DxZ00Mq2DjaHHRVkVFGjazEQAQYpzVNSqvchtdBkLA
XX/P09urWESio7vqjK7647REQ2swPODweGpUWpwvj4e5ex2RxRIhe3yCLBZummCckpJiZa1bq+XL
FmvFsqWNrrpSx253aNyEszR+wkRlZI42bY+NprJYpPi4SFmYqQIAHZ7HIxWXV8vD4A1IOlzm1rg5
O5VfzHSljioh3qYVD52oLp2MXX3P8IBDkqqdFaooP2x0GTBAbFwXRUbFGl0GIEnyHPUuLXvbVpWU
FKukpKR+BZbUtHQ5HA45HPFeS71aOtAdf5QtQnEsGwsAHV55pVtOloXFUT5cc0S//VuO0WXAIM//
X7IuHGP8qPyQCDgkqaLiiKqrmKrSkURGxyk21vh/BACaJzbaqmimqgBAh1VVXaMKpqbAj7vfytOb
K5mq0tFcM7arHrva2KkpdULmHWpsbGdZbZFGl4EgsdoiCTcAk6qocstdExLZOAAgyNw1HsINBPTY
1Yka1i/G6DIQRMP6xYRMuCGFUMAhSbGxXcTk7g7AYqn9uwZgWuWVbhFxAEDH4lHtz3+gIU9dm6TY
KO7pOoLYKIueujbJ6DK8hFTAEWG1KTaOG99wFxvXRRFWlpsEzMxd4+FNLgB0MOWVjOBD4wb2jtGz
1/c2ugwEwbPX99bA3qE1YiekAg5JioyMUUxseK9E0JHFxMYrMjK0/hEAaJlqF3OwAaCjqKhyq5qm
omii80Y69PCVvYwuA+3o4St76byRDqPL8BFyAYckRUV3UkxM6P1hoXViYhyKiu5kdBkA2lBVdY0q
nYQcABDOKp1uVVUTbqB5rh3fTTMvSjC6DLSDmRcl6Nrx3Ywuw6+QDDgkKSrGrmhCjrARHeNQVIzd
6DIAtINKZ40qnbzxBYBwxM94tMb0SQm6fQohRzi5fUqCpk8K3b/TkA04JCk6xs5IjjAQE+NQNOEG
ENYqnW5GcgBAmOFnO9rC7VMSGMkRJmZeFPqBleVQiTPkOwU5q8pUWVFsdBlogZjYeKalAB1IdGSE
YqOtRpcBAGiliiqmpaBtzVtepHv/ccDoMtBCD1/ZK2SnpRzNFAGHJFVXV6qi/LDkMUW5sFgUG9eF
hqJABxRpi1BcjFUsEAcA5lO3FCwNRdEePl1foumv7FeFOW5BodqlYJ+9vndINhT1xzQBhyTVuF2q
qDgst6va6FLQAKstUrGxLAULdGTWCIviYqyyRhBzAIBZ1C0BzlKwaE9b91fq9/NytXF3pdGloBHD
+sXoqWuTQm4p2IaYKuCoU1FxRNVV5UaXAT8io+MUG9vZ6DIAhIjYaKuiI0O63RMAQLWrYrH0N4Lp
7rfy9ObKQ0aXgQCuGdtVj12daHQZzWbKgEOSqp0VqqwolsfD8LlQYLFEKCY2XpFRsUaXAiDERNlq
+3JYGMwBACHH46ntt+FkSgoM8OGaI/rDOz8pv9hldCn4r4R4m+6//DhdOMacH1qbNuCQJI+nRlUV
JXI6Gc1hpKioOEXHOmSx8CktAP8sFik2yqooRnMAQMhwVteowummxR0MdbjMrcfeO6i3VzGaw2hX
ndFVd1/aU106mbdhvKkDjjpul1OVFSVyu51Gl9KhWK1Riol1yGqLMroUACZhs1oUE2WVzcpwDgAw
isvtUaXTLZfb9LcBCCNfbivTnxfma812PrwOtjGpcbp9SoJOSzf/6pdhEXDUqXZWqKqqVDVuhji1
pwirTdHRdqajAGixKFuEoqMiaEIKAEHkrvGoylnDdBSEtA/XHNGLnxfqu700IW1vg/vG6MZzupt2
Ooo/YRVw1Kl2VspZVcaIjjZmtUYpKrqTIqPM00UXQGiLtEUoOjKCER0A0I5cbo+qqmtY+hWmsnBd
sf6+oogRHe1gTGqcpo3rpimZ8UaX0ubCMuCo43Y5Ve2skLO6QkwubCGLRVGRsYqMimUqCoB2Y7Na
FGWLUGRkhIg6AKD1PJKqq2tHazAVBWaWtaNc7355RB+sOayK8L11bXexURZdPKaLLjutszL6xxld
TrsJ64CjjkceuZyVcrkqVV1dRdjRGItFkZHRstliZIuKkYXbDQBBFGWLUKTNIpuNsAMAmsMjyeWq
UbXLwzQUhJ1qt0cfZxXr8w0lWrqxhLCjCWKjLDprmEPnDHdoUka8IjvAiNkOEXAcy1VdJbe7uvb3
mmoCD4tF1ohI2SKjZbXW/g4AocBmtchmrZ3CYrUStwLA0TyS3G6PXG6PXG5GaqBj+c/3pfp6W4XW
7ijThl2Vqqom1IuOjNDw42M0un8nnZIeq18MshtdUtB1yIDjWDVul9zuatXUuFVT45KnpkY1Hrc8
NTXyyCOLJI9JQxCLxSKPJIssskREKMJirf09wqaICKus1khFWG1GlwkATWKNsMgaYVFEhEUREVKE
xSKLpfZ31f4PAMKG57//V+PxyPPf32tqpJoaj9z//QWg1tb9lcrOqdKPPzm1J9+pvEMu5Re7dLjU
rdJKt5wumfrfjDXCoiibZI+xqovdqoR4mxK72pSSEKUTjotSWnK0BvamVyIBBwAAAAAAML0IowsA
AAAAAABoLQIOAAAAAABgegQcAAAAAADA9Ag4AAAAAACA6RFwAAAAAAAA0yPgAAAAAAAApkfAAQAA
AAAATI+AAwAAAAAAmB4BBwAAAAAAMD0CDgAAAAAAYHoEHAAAAAAAwPQIOAAAAAAAgOkRcAAAAAAA
ANMj4AAAAAAAAKZHwAEAAAAAAEyPgAMAAAAAAJgeAQcAAAAAADA9Ag4AAAAAAGB6BBwAAAAAAMD0
CDgAAAAAAIDpEXAAAAAAAADTI+AAAAAAAACmR8ABAAAAAABMj4ADAAAAAACYHgEHAAAAAAAwPQIO
AAAAAABgegQcAAAAAADA9Ag4AAAAAACA6RFwAAAAAAAA0yPgAAAAAAAApkfAAQAAAAAATI+AAwAA
AAAAmB4BBwAAAAAAMD0CDgAAAAAAYHoEHAAAAAAAwPQIOAAAAAAAgOkRcAAAAAAAANMj4AAAAAAA
AKZHwAEAAAAAAEyPgAMAAAAAAJgeAQcAAAAAADA9Ag4AAAAAAGB6BBwAAAAAAMD0CDgAAAAAAIDp
EXAAAAAAAADTI+AAAAAAAACmR8ABAAAAAABMj4ADAAAAAACYHgEHAAAAAAAwPQIOAAAAAABgegQc
AAAAAADA9Ag4AAAAAACA6RFwAAAAAAAA0yPgAAAAAAAApkfAAQAAAAAATI+AAwAAAAAAmB4BBwAA
AAAAMD0CDgAAAAAAYHoEHAAAAAAAwPQIOAAAAAAAgOkRcAAAAAAAANMj4AAAAAAAAKZHwAEAAAAA
AEyPgAMAAAAAAJgeAQcAAAAAADA9Ag4AAAAAAGB6BBwAAAAAAMD0CDgAAAAAAIDpEXAAAAAAAADT
I+AAAAAAAACmR8ABAAAAAABMj4ADAAAAAACYHgEHAAAAAAAwPQIOAAAAAABgegQcAAAAAADA9Ag4
AAAAAACA6RFwAAAAAAAA0yPgAAAAAAAApkfAAQAAAAAATI+AAwAAAAAAmJ7N6AIAAED4cFZVac+e
PSotLZbT6VRRYYEkqbS0VHa7XZLUrXsPRUVFyW6PV0pKiqKio40sGQAAhAnLoRKnx+giAACAeZWU
FGvvnj3a8UO2iooKm/34bt26q/+ANPVNSZHDEd8OFQIAgI6AgAMAALRISUmxNqz/Rjt2bG+z5+zf
P1XDR44i6AAAAM1GwAG00pEjh+Wscqpz584hMcw61OoBEH6cVVXasmWzNnz7TbudY/iIUTrppCH8
HAMAAE1GwAG0kMvl0o87f1BuTo6qnE51795dg04arLi4TobVtHfPbv24c4eqnE5169ZdJ57YX926
dzesHgDhp6iwUJ98vEjV1VXtfi673aEJZ53DzzEAANAkBBxAC2Vv+17rv/lGlZXlkiRrhE2p6QOV
kTlaNlvw+/fm7N+nrHVr6ue/WyNsSurdW6eedrqhoQuA8LF9e7bWrv46KOFGncjIaJ3xizOV0u/4
oJ0TAACYEwEH0ELz//m2yspKvbZZI2walZmptPRBQQ05igoL9dWXq5Sf/5PPvjPHTtAJJ/YPWi0A
wtO367OaNSWlT99+6t69uyIjo9S9R4/67YUFBaqudqqwsFD79u5u8vONHnOqTho8pFk1A+jYqp1O
rVu3Vvv37fF5zxaqrBE2JfRM0LARo5SUlGx0OYDpsEws0EJVlb6fYLprXNq0caNiY+OCFiqUl5dp
/fosv+FG7f7yoNQBIHw1Ndzo07efBgxIbXC0RWJiktfXe3bv0g8/bG807Fi75it5PB4NHjK0aUUD
6PA2bdqg7G1bjC6jWdw1Lh04kKeCJYt1+RVX0ocIaCYCDqCF+h1/gnbsyPbZXllZrk0bN8jhiFdC
z57tWoPLVRuoBLoxsNsdpP8AWmX79uxGw41evRI1fGSGT3jRFCn9jldKv+OVl5erDeuzdOBAXsBj
1639Wg6Hg+kqAJpk3949RpfQYi6XU4VFhS36uQp0ZBFGFwCY1dDhw5WQcJzffYcOFWr9+iwdOXK4
3c7vdruVvW2rfsje5nd/ZGS0hg4bTnM+AC1WVFiotau/bvCY084Yq/MmTWn1m/DExCSdN2mKTjtj
bIPHrfrPv1VUWNiqcwHoGEpKzDEtJZCSkhKjSwBMh4ADaKHOnbtoxMhR6tylq9/9uTn7tGnDBpWX
l7XL+ffu2a3NmzbK5a722WeNsGngoEHqPyCtXc4NIPw5q6oaXC3FZovSuedPVmpq2/6cSU1N07nn
T5bNFuV3f3V1lZYt/UzOquA1OgVgTikp/YwuoVV69epldAmA6RBwAK2Q3LuPBg8ZppiYOL/7d/24
U9nbtsrlcrXpefMPHtSmjd+qosJ/eNI3JUUDB50kq9XapucF0HFs2bK5wXBj0gWtH7URSGJikiZd
MEWRkf7nnpeWlmrLls3tcm4A4WP4yJEBP4gKZTarTSNHZSo+vrPRpQCmwyoqQCu53W5t2vitvtu0
ye9oipiYOI0cNUpp6YPa5HxHjhzW6q+/Um7OPr/7e/VK1JiTT2NqCoAWKykp1nvz/1/A/eeePzko
88Lz8nL12SeL/O6LjIzW1IsulsMR3+51ADC30tIS00z3sFlt7d7DDQhnNBkFWslqtSp94CBVVFT6
7dRdWVmujRu+ld3uUHLvPq06V3l5mTZt+DZguBEf31nDR2YQbgBolQ3r1wfcd9oZY4PW9C4xMUmn
nTFWX65a6bOvurpKG9av1xlnNtyzAwDsdofsdofRZQAIAqaoAG0gNjZOQ4cNV3Lvvn73l5WVav03
Wa1qjOdyuZS9bat279rld39MTJyGDBtBt20ArVJSUux3hSipdoRYW/fcaExqapp69Ur0u2/HjmyV
lBQHtR4AABC6CDiANmK32zVixCh16+Z/9ERBwUGtX5/V4qajO3ds17atWwM2FT1p8GCdcMKJLXpu
AKizZ7f/ZaclafjIjCBW0rTzNlQvAADoWAg4gDaU0LOnho8YFbDp6L69u7V506ZmNx3N2b9PGzd8
q8rKcr/7+6emKT19kGw2Zp0BaJ2dO7b73d6nbz/DRoglJiapT1//qyHs27tbHg/txAAAAAEH0OZS
+h2vocOGy2aN9Ls/e+v32rb1+yaHHEWFhfp2/TcqK/O/lnufvv00dNgwRUX7X20AAJrKWVWloiL/
U+kGDEgNcjVNO/+BA3ksGQsAACQRcADtIi19oFLT0/2GHO4alzZv2qi9exofVl1eXqb167OUn/+T
3/1du3bXyJEZNM4C0CZ2N/BzKaXf8UGspHnn37N3TxArAQAAoYqAA2gHNptNQ4cNV5++KX73V1aW
a9PGDTp40H9wIdU2Fd28aaP27fV/wxETE6cRrJgCoA2VlfpfRjHQ9JBgC1RHWan/EW4AAKBjIeAA
2kndyioJCcf53X/oUO3UkyNHDvvsq1sxZfu2bX4fGxkZraHDhimlX2jcdAAID6Ul/oOC7iESpAaq
w+l0BrkSAAAQiuhICLSjbt27a8TIUVqz5msdOXzIZ39uzj5t2rBBozIzFRfXqX77vr17tGnjhoAr
pqQPHKi09EHtWjuAjqe01P+Sq5GRUUGuxL9AdRQV5ge5EgBmUVZWqpycnIAj1EKNzWZTj4SehjV1
BsyOgANoZ8m9+2hwebm+WbfW7yoou37cKbvDriFDh8tmsyn/4EFt2hh4xZS+KSkadNJgVkwBEDTd
e/QwugRJoVMHAHPIzc3V0s8/lbumeavXhYLefVJ09sRzjS4DMB2mqABBcOKJ/ZU+cFDApqPbtm7V
zh3bdeTIYa1fnxVwFYNevRI1dNgIr9EeANBWSkrM8QknADTFd5s3mjLckKT9+/aoIJ/RaUBzEXAA
QWC1WpWWnq4TAyxzWFlZro0bvtW332QpN2ef32M6d+6i4TQVBdCOHA5WZAIQPgoLCowuoVWKDhUZ
XQJgOgQcQJDExXXS0GHDlZTcx+/+srJS7dq10+++mJg4DR46nPmYAAwRKjcJoVIHAHMw+7S2rl26
Gl0CYDoEHEAQ2e12jRyZoW7dmj4Kwxph00mDB+uEE05sx8oAQLLb4/1ur64OjVVKAtXRrXtCkCsB
YAaDhwyTNcKcPcuSkvsooWdPo8sATMec/+IBE0vo2VMjRmboqy+/UEVFWaPH909NU3r6IJqKAmh3
dofd7/bCQv99gYItUB1RUb79jQAgKSlJl/zycuXm5AZcJSrU1K6icpwSExONLgUwJe6YAAP0Temn
kpISrc9a53cp2Dp9+vbT0GHDFRUdHcTqAHRUnez+e3Ds27s7yJX4F6iOQHUDQKdOdg1I9d8DDUD4
YYoKYJC09IFKTU/3u7KKJHXt2l0jR2bIbvf/iSoAtLV+Kf0C7tuze1cQK2ne+RuqGwAAdBwEHIBB
bDabhgwdphMHpCoy0nuERteu3TVi5ChWTAEQVFHR0eratZvffT/8sD3I1TTt/L16JTLKDQAASGKK
CmCoupVVHA67fvrpJ1U7q9S5SzclJycrpd/xRpcHoAPqPyBN69Z+7bN9397dysvLNWQ1p7y83IDT
U/r0ZfQGAACoRcABGMxut2vgoMFKTu6jKmeVOnfurLi4TkaXBaCDSunXz2/AIUkb1mcpcdKUIFdU
e95AUvoRcAAAgFpMUQFCgM1mU7fu3ZWYmES4AcBQDke8+vdP87vvwIE8bd+eHdR6tm/P1oEDeX73
9e+fJofD/9K2AACg4yHgAAAAXkaMGhVw35erViovLzcodeTl5erLVSv97rPZohqsEwAAdDwEHAAA
wIvd7tDwERkB9y9bslhFhYXtWkNRYaGWLVkccP/gIUNkZ3lYAABwFAIOAADg46STBqtTJ//LVFdX
V+mTjxe120iOvLxcffLxIlVXV/nd36mTXSedNKRdzg0AAMzLcqjE6TG6CAAAEHqKCgv18UcL5XI5
Ax5z2hljlZrqv2dHS2z5brPWrvkq4H6bLUqTLpjCMtoAGlXtdGrdurXav2+PyspKjS6nSawRNiX0
TNCwEaOUlJRsdDmA6RBwAACAgLZvzw7YB6NOr16JGj4yo1VLyObl5WrD+qyADUXrjJ8wkWW0ATTJ
N1lrtWnjt0aX0SI2W5Quv+JKRUVHG10KYCosEwsAAAJKTU1TWWmJNnz7TcBjDhzI02efLFKfvv2U
mpqmvilNX7p1757d2r49W/v27m702MzRpxBuAGiyfXv3GF1Ci7lcTuXnH1Ry7z5GlwKYCgEHAABo
0IiRtQ1HGwo5JGnf3t31QUWfvv3UvXt3RUVFe00nKSoslNNZpcLCwiaFGnUyR5+iwUOGtqB6AADQ
URBwAACARo0YmaFu3brrP/9e2WBPjjpHhx2tYbNF6RdnjmXkBoBm69M3RYcOFRldRotYrVFKSOhp
dBmA6dCDAwAANFlRYaGWLvksKA37OnWy66yzz6WhKIAWqWsymrN/r0pLS4wup0lsVpsSevbU0OEj
aTIKtAABBwAAaBZnVZW2bNms7zZvbtJojuay2aI0eMgQnXTSEBrsAQCAJiPgAAAALVJSUqwN69dr
x47sNnvO/v3TNHzkSDkc8W32nAAAoGMg4AAAAK1SUlKsPbtre240tsyrP716JapP335K6dePYAMA
ALQYAQcAAGgzzqoq7d6zW2WlJXI6q1VUmO9zTLfuCYqKilQnu0P9UvoxDQUAALQJAg4AAAAAAGB6
EUYXAAAAAAAA0FoEHAAAAAAAwPQIOAAAAAAAgOkRcAAAAAAAANMj4AAAAAAAAKZHwAEAAAAAAEyP
gAMAAAAAAJgeAQcAAAAAADA9Ag4AAAAAAGB6BBwAAAAAAMD0CDgAwqwRtgAAAM9JREFUAAAAAIDp
EXAAAAAAAADTI+AAAAAAAACmR8ABAAAAAABMj4ADAAAAAACYHgEHAAAAAAAwPQIOAAAAAABgegQc
AAAAAADA9Ag4AAAAAACA6RFwAAAAAAAA0yPgAAAAAAAApkfAAQAAAAAATI+AAwAAAAAAmB4BBwAA
AAAAMD0CDgAAAAAAYHoEHMD/b8cOSAAAAAAE/X/djkBnCAAAwJ7gAAAAAPYEBwAAALAnOAAAAIA9
wQEAAADsCQ4AAABgT3AAAAAAe4IDAAAA2AuhP900xw50yAAAAABJRU5ErkJggg==
" width="800px"&gt;</msg>
<status status="PASS" starttime="20231229 10:01:04.624" endtime="20231229 10:01:05.103"/>
</kw>
<msg timestamp="20231229 10:01:05.107" level="INFO">xpath criteria: //android.widget.Button[contains(@content-desc,"Start time")]
xpath criteria: //android.widget.Button[contains(@content-desc,"Start time")]
xpath criteria: //android.widget.Button[contains(@content-desc,"Start time")]
xpath criteria: //android.widget.Button[contains(@content-desc,"Start time")]
xpath criteria: //android.widget.Button[contains(@content-desc,"Start time")]
xpath criteria: //android.widget.Button[contains(@content-desc,"Start time")]
xpath criteria: //android.widget.Button[contains(@content-desc,"Start time")]
xpath criteria: //android.widget.Button[contains(@content-desc,"Start time")]
xpath criteria: //android.widget.Button[contains(@content-desc,"Start time")]
xpath criteria: //android.widget.Button[contains(@content-desc,"Start time")]
xpath criteria: //android.widget.Button[contains(@content-desc,"Start time")]
xpath criteria: //android.widget.Button[contains(@content-desc,"Start time")]
xpath criteria: //android.widget.Button[contains(@content-desc,"Start time")]
xpath criteria: //android.widget.Button[contains(@content-desc,"Start time")]
xpath criteria: //android.widget.Button[contains(@content-desc,"Start time")]
xpath criteria: //android.widget.Button[contains(@content-desc,"Start time")]
xpath criteria: //android.widget.Button[contains(@content-desc,"Start time")]
xpath criteria: //android.widget.Button[contains(@content-desc,"Start time")]
xpath criteria: //android.widget.Button[contains(@content-desc,"Start time")]
xpath criteria: //android.widget.Button[contains(@content-desc,"Start time")]
xpath criteria: //android.widget.Button[contains(@content-desc,"Start time")]
xpath criteria: //android.widget.Button[contains(@content-desc,"Start time")]
xpath criteria: //android.widget.Button[contains(@content-desc,"Start time")]
xpath criteria: //android.widget.Button[contains(@content-desc,"Start time")]
xpath criteria: //android.widget.Button[contains(@content-desc,"Start time")]
xpath criteria: //android.widget.Button[contains(@content-desc,"Start time")]
xpath criteria: //android.widget.Button[contains(@content-desc,"Start time")]
xpath criteria: //android.widget.Button[contains(@content-desc,"Start time")]
xpath criteria: //android.widget.Button[contains(@content-desc,"Start time")]
xpath criteria: //android.widget.Button[contains(@content-desc,"Start time")]
xpath criteria: //android.widget.Button[contains(@content-desc,"Start time")]
xpath criteria: //android.widget.Button[contains(@content-desc,"Start time")]
xpath criteria: //android.widget.Button[contains(@content-desc,"Start time")]
xpath criteria: //android.widget.Button[contains(@content-desc,"Start time")]
xpath criteria: //android.widget.Button[contains(@content-desc,"Start time")]
xpath criteria: //android.widget.Button[contains(@content-desc,"Start time")]
xpath criteria: //android.widget.Button[contains(@content-desc,"Start time")]
xpath criteria: //android.widget.Button[contains(@content-desc,"Start time")]
xpath criteria: //android.widget.Button[contains(@content-desc,"Start time")]
xpath criteria: //android.widget.Button[contains(@content-desc,"Start time")]
xpath criteria: //android.widget.Button[contains(@content-desc,"Start time")]
xpath criteria: //android.widget.Button[contains(@content-desc,"Start time")]
xpath criteria: //android.widget.Button[contains(@content-desc,"Start time")]
xpath criteria: //android.widget.Button[contains(@content-desc,"Start time")]
xpath criteria: //android.widget.Button[contains(@content-desc,"Start time")]
xpath criteria: //android.widget.Button[contains(@content-desc,"Start time")]
xpath criteria: //android.widget.Button[contains(@content-desc,"Start time")]
xpath criteria: //android.widget.Button[contains(@content-desc,"Start time")]
xpath criteria: //android.widget.Button[contains(@content-desc,"Start time")]
xpath criteria: //android.widget.Button[contains(@content-desc,"Start time")]
xpath criteria: //android.widget.Button[contains(@content-desc,"Start time")]
xpath criteria: //android.widget.Button[contains(@content-desc,"Start time")]
xpath criteria: //android.widget.Button[contains(@content-desc,"Start time")]
xpath criteria: //android.widget.Button[contains(@content-desc,"Start time")]
xpath criteria: //android.widget.Button[contains(@content-desc,"Start time")]
xpath criteria: //android.widget.Button[contains(@content-desc,"Start time")]
xpath criteria: //android.widget.Button[contains(@content-desc,"Start time")]
xpath criteria: //android.widget.Button[contains(@content-desc,"Start time")]</msg>
<msg timestamp="20231229 10:01:05.107" level="FAIL">Element locator 'xpath=//android.widget.Button[contains(@content-desc,"Start time")]' did not match any elements after 30 seconds</msg>
<status status="FAIL" starttime="20231229 10:00:32.725" endtime="20231229 10:01:05.107"/>
</kw>
<status status="FAIL" starttime="20231229 10:00:15.037" endtime="20231229 10:01:05.107"/>
</kw>
<kw name="Select Repeat option" library="CalenderCreateTaskpage">
<status status="NOT RUN" starttime="20231229 10:01:05.107" endtime="20231229 10:01:05.107"/>
</kw>
<kw name="Click on save button" library="CalenderCreateTaskpage">
<status status="NOT RUN" starttime="20231229 10:01:05.107" endtime="20231229 10:01:05.107"/>
</kw>
<status status="FAIL" starttime="20231229 10:00:11.152" endtime="20231229 10:01:05.107"/>
</kw>
<status status="FAIL" starttime="20231229 09:59:49.569" endtime="20231229 10:01:05.107">Element locator 'xpath=//android.widget.Button[contains(@content-desc,"Start time")]' did not match any elements after 30 seconds</status>
</test>
<status status="FAIL" starttime="20231229 09:59:49.335" endtime="20231229 10:01:05.107"/>
</suite>
<statistics>
<total>
<stat pass="0" fail="1" skip="0">All Tests</stat>
</total>
<tag>
</tag>
<suite>
<stat pass="0" fail="1" skip="0" id="s1" name="Calender Android.CreateTaskTest">Calender Android.CreateTaskTest</stat>
</suite>
</statistics>
<errors>
</errors>
</robot>
